[ 2016-05-25T12:08:58+08:00 ] ::1 /hstcesys/home/login/check
INFO: [ app_begin ] --START--
INFO: Run Behavior\ReadHtmlCacheBehavior [ RunTime:0.000772s ]
INFO: [ app_begin ] --END-- [ RunTime:0.001280s ]
SQL: SHOW COLUMNS FROM `users` [ RunTime:0.0274s ]
SQL: SELECT * FROM `users` WHERE `student_id` = '2013118120' AND `password` = '30c8586794579fc0ea93c5b8561460b2' LIMIT 1   [ RunTime:0.0005s ]

[ 2016-05-25T12:09:18+08:00 ] ::1 /hstcesys/home/user/checkStudentId.html
INFO: [ app_begin ] --START--
INFO: Run Behavior\ReadHtmlCacheBehavior [ RunTime:0.000583s ]
INFO: [ app_begin ] --END-- [ RunTime:0.001126s ]
SQL: SHOW COLUMNS FROM `users` [ RunTime:0.0046s ]
SQL: SELECT * FROM `users` WHERE `student_id` = '2' LIMIT 1   [ RunTime:0.0004s ]

[ 2016-05-25T12:09:18+08:00 ] ::1 /hstcesys/home/user/checkStudentId.html
INFO: [ app_begin ] --START--
INFO: Run Behavior\ReadHtmlCacheBehavior [ RunTime:0.000484s ]
INFO: [ app_begin ] --END-- [ RunTime:0.001017s ]
SQL: SHOW COLUMNS FROM `users` [ RunTime:0.0052s ]
SQL: SELECT * FROM `users` WHERE `student_id` = '20' LIMIT 1   [ RunTime:0.0003s ]

[ 2016-05-25T12:09:18+08:00 ] ::1 /hstcesys/home/user/checkStudentId.html
INFO: [ app_begin ] --START--
INFO: Run Behavior\ReadHtmlCacheBehavior [ RunTime:0.000511s ]
INFO: [ app_begin ] --END-- [ RunTime:0.001031s ]
SQL: SHOW COLUMNS FROM `users` [ RunTime:0.0045s ]
SQL: SELECT * FROM `users` WHERE `student_id` = '2013' LIMIT 1   [ RunTime:0.0004s ]

[ 2016-05-25T12:09:18+08:00 ] ::1 /hstcesys/home/user/checkStudentId.html
INFO: [ app_begin ] --START--
INFO: Run Behavior\ReadHtmlCacheBehavior [ RunTime:0.000624s ]
INFO: [ app_begin ] --END-- [ RunTime:0.001188s ]
SQL: SHOW COLUMNS FROM `users` [ RunTime:0.0043s ]
SQL: SELECT * FROM `users` WHERE `student_id` = '2013' LIMIT 1   [ RunTime:0.0003s ]

[ 2016-05-25T12:09:19+08:00 ] ::1 /hstcesys/home/user/checkStudentId.html
INFO: [ app_begin ] --START--
INFO: Run Behavior\ReadHtmlCacheBehavior [ RunTime:0.000486s ]
INFO: [ app_begin ] --END-- [ RunTime:0.001034s ]
SQL: SHOW COLUMNS FROM `users` [ RunTime:0.0049s ]
SQL: SELECT * FROM `users` WHERE `student_id` = '20131' LIMIT 1   [ RunTime:0.0004s ]

[ 2016-05-25T12:09:19+08:00 ] ::1 /hstcesys/home/user/checkStudentId.html
INFO: [ app_begin ] --START--
INFO: Run Behavior\ReadHtmlCacheBehavior [ RunTime:0.000481s ]
INFO: [ app_begin ] --END-- [ RunTime:0.001003s ]
SQL: SHOW COLUMNS FROM `users` [ RunTime:0.0041s ]
SQL: SELECT * FROM `users` WHERE `student_id` = '201318' LIMIT 1   [ RunTime:0.0003s ]

[ 2016-05-25T12:09:19+08:00 ] ::1 /hstcesys/home/user/checkStudentId.html
INFO: [ app_begin ] --START--
INFO: Run Behavior\ReadHtmlCacheBehavior [ RunTime:0.000509s ]
INFO: [ app_begin ] --END-- [ RunTime:0.001038s ]
SQL: SHOW COLUMNS FROM `users` [ RunTime:0.0045s ]
SQL: SELECT * FROM `users` WHERE `student_id` = '2013181' LIMIT 1   [ RunTime:0.0003s ]

[ 2016-05-25T12:09:20+08:00 ] ::1 /hstcesys/home/user/checkStudentId.html
INFO: [ app_begin ] --START--
INFO: Run Behavior\ReadHtmlCacheBehavior [ RunTime:0.000600s ]
INFO: [ app_begin ] --END-- [ RunTime:0.001164s ]
SQL: SHOW COLUMNS FROM `users` [ RunTime:0.0042s ]
SQL: SELECT * FROM `users` WHERE `student_id` = '201318' LIMIT 1   [ RunTime:0.0003s ]

[ 2016-05-25T12:09:20+08:00 ] ::1 /hstcesys/home/user/checkStudentId.html
INFO: [ app_begin ] --START--
INFO: Run Behavior\ReadHtmlCacheBehavior [ RunTime:0.000480s ]
INFO: [ app_begin ] --END-- [ RunTime:0.001046s ]
SQL: SHOW COLUMNS FROM `users` [ RunTime:0.0042s ]
SQL: SELECT * FROM `users` WHERE `student_id` = '20131' LIMIT 1   [ RunTime:0.0003s ]

[ 2016-05-25T12:09:21+08:00 ] ::1 /hstcesys/home/user/checkStudentId.html
INFO: [ app_begin ] --START--
INFO: Run Behavior\ReadHtmlCacheBehavior [ RunTime:0.000477s ]
INFO: [ app_begin ] --END-- [ RunTime:0.001018s ]
SQL: SHOW COLUMNS FROM `users` [ RunTime:0.0097s ]
SQL: SELECT * FROM `users` WHERE `student_id` = '201311' LIMIT 1   [ RunTime:0.0003s ]

[ 2016-05-25T12:09:22+08:00 ] ::1 /hstcesys/home/user/checkStudentId.html
INFO: [ app_begin ] --START--
INFO: Run Behavior\ReadHtmlCacheBehavior [ RunTime:0.000507s ]
INFO: [ app_begin ] --END-- [ RunTime:0.001018s ]
SQL: SHOW COLUMNS FROM `users` [ RunTime:0.0043s ]
SQL: SELECT * FROM `users` WHERE `student_id` = '2013118' LIMIT 1   [ RunTime:0.0003s ]

[ 2016-05-25T12:09:22+08:00 ] ::1 /hstcesys/home/user/checkStudentId.html
INFO: [ app_begin ] --START--
INFO: Run Behavior\ReadHtmlCacheBehavior [ RunTime:0.000493s ]
INFO: [ app_begin ] --END-- [ RunTime:0.001047s ]
SQL: SHOW COLUMNS FROM `users` [ RunTime:0.0048s ]
SQL: SELECT * FROM `users` WHERE `student_id` = '20131181' LIMIT 1   [ RunTime:0.0003s ]

[ 2016-05-25T12:09:26+08:00 ] ::1 /hstcesys/home/user/checkStudentId.html
INFO: [ app_begin ] --START--
INFO: Run Behavior\ReadHtmlCacheBehavior [ RunTime:0.000479s ]
INFO: [ app_begin ] --END-- [ RunTime:0.001024s ]
SQL: SHOW COLUMNS FROM `users` [ RunTime:0.0043s ]
SQL: SELECT * FROM `users` WHERE `student_id` = '201311810' LIMIT 1   [ RunTime:0.0003s ]

[ 2016-05-25T12:09:26+08:00 ] ::1 /hstcesys/home/user/checkStudentId.html
INFO: [ app_begin ] --START--
INFO: Run Behavior\ReadHtmlCacheBehavior [ RunTime:0.000785s ]
INFO: [ app_begin ] --END-- [ RunTime:0.001378s ]
SQL: SHOW COLUMNS FROM `users` [ RunTime:0.0041s ]
SQL: SELECT * FROM `users` WHERE `student_id` = '2013118106' LIMIT 1   [ RunTime:0.0004s ]

[ 2016-05-25T12:10:07+08:00 ] ::1 /hstcesys/home/user/login.html
ERR: 非法操作:login

[ 2016-05-25T12:10:15+08:00 ] ::1 /hstcesys/home/user/login.html
ERR: 非法操作:login

[ 2016-05-25T12:10:16+08:00 ] ::1 /hstcesys/home/user/login.html
ERR: 非法操作:login

[ 2016-05-25T12:10:18+08:00 ] ::1 /hstcesys/home/user/login.html
ERR: 非法操作:login

[ 2016-05-25T12:13:55+08:00 ] ::1 /hstcesys/home/login/check
INFO: [ app_begin ] --START--
INFO: Run Behavior\ReadHtmlCacheBehavior [ RunTime:0.001309s ]
INFO: [ app_begin ] --END-- [ RunTime:0.002450s ]
SQL: SHOW COLUMNS FROM `users` [ RunTime:0.0053s ]
SQL: SELECT * FROM `users` WHERE `student_id` = '2013118106' AND `password` = 'e120ea280aa50693d5568d0071456460' LIMIT 1   [ RunTime:0.0005s ]

[ 2016-05-25T12:38:25+08:00 ] ::1 /hstcesys/home/user/checkStudentId.html
INFO: [ app_begin ] --START--
INFO: Run Behavior\ReadHtmlCacheBehavior [ RunTime:0.001082s ]
INFO: [ app_begin ] --END-- [ RunTime:0.001869s ]
SQL: SHOW COLUMNS FROM `users` [ RunTime:0.0047s ]
SQL: SELECT * FROM `users` WHERE `student_id` = '2' LIMIT 1   [ RunTime:0.0005s ]

[ 2016-05-25T12:38:26+08:00 ] ::1 /hstcesys/home/user/checkStudentId.html
INFO: [ app_begin ] --START--
INFO: Run Behavior\ReadHtmlCacheBehavior [ RunTime:0.000494s ]
INFO: [ app_begin ] --END-- [ RunTime:0.000938s ]
SQL: SHOW COLUMNS FROM `users` [ RunTime:0.0044s ]
SQL: SELECT * FROM `users` WHERE `student_id` = '20' LIMIT 1   [ RunTime:0.0003s ]

[ 2016-05-25T12:38:26+08:00 ] ::1 /hstcesys/home/user/checkStudentId.html
INFO: [ app_begin ] --START--
INFO: Run Behavior\ReadHtmlCacheBehavior [ RunTime:0.000640s ]
INFO: [ app_begin ] --END-- [ RunTime:0.001111s ]
SQL: SHOW COLUMNS FROM `users` [ RunTime:0.0048s ]
SQL: SELECT * FROM `users` WHERE `student_id` = '2013' LIMIT 1   [ RunTime:0.0003s ]

[ 2016-05-25T12:38:26+08:00 ] ::1 /hstcesys/home/user/checkStudentId.html
INFO: [ app_begin ] --START--
INFO: Run Behavior\ReadHtmlCacheBehavior [ RunTime:0.000484s ]
INFO: [ app_begin ] --END-- [ RunTime:0.000908s ]
SQL: SHOW COLUMNS FROM `users` [ RunTime:0.0045s ]
SQL: SELECT * FROM `users` WHERE `student_id` = '2013' LIMIT 1   [ RunTime:0.0003s ]

[ 2016-05-25T12:38:28+08:00 ] ::1 /hstcesys/home/user/checkStudentId.html
INFO: [ app_begin ] --START--
INFO: Run Behavior\ReadHtmlCacheBehavior [ RunTime:0.000485s ]
INFO: [ app_begin ] --END-- [ RunTime:0.000919s ]
SQL: SHOW COLUMNS FROM `users` [ RunTime:0.0044s ]
SQL: SELECT * FROM `users` WHERE `student_id` = '20131' LIMIT 1   [ RunTime:0.0003s ]

[ 2016-05-25T12:38:28+08:00 ] ::1 /hstcesys/home/user/checkStudentId.html
INFO: [ app_begin ] --START--
INFO: Run Behavior\ReadHtmlCacheBehavior [ RunTime:0.000492s ]
INFO: [ app_begin ] --END-- [ RunTime:0.000911s ]
SQL: SHOW COLUMNS FROM `users` [ RunTime:0.0048s ]
SQL: SELECT * FROM `users` WHERE `student_id` = '201311' LIMIT 1   [ RunTime:0.0003s ]

[ 2016-05-25T12:38:28+08:00 ] ::1 /hstcesys/home/user/checkStudentId.html
INFO: [ app_begin ] --START--
INFO: Run Behavior\ReadHtmlCacheBehavior [ RunTime:0.000485s ]
INFO: [ app_begin ] --END-- [ RunTime:0.000904s ]
SQL: SHOW COLUMNS FROM `users` [ RunTime:0.0043s ]
SQL: SELECT * FROM `users` WHERE `student_id` = '2013118' LIMIT 1   [ RunTime:0.0003s ]

[ 2016-05-25T12:38:28+08:00 ] ::1 /hstcesys/home/user/checkStudentId.html
INFO: [ app_begin ] --START--
INFO: Run Behavior\ReadHtmlCacheBehavior [ RunTime:0.000484s ]
INFO: [ app_begin ] --END-- [ RunTime:0.000916s ]
SQL: SHOW COLUMNS FROM `users` [ RunTime:0.0045s ]
SQL: SELECT * FROM `users` WHERE `student_id` = '20131181' LIMIT 1   [ RunTime:0.0003s ]

[ 2016-05-25T12:38:28+08:00 ] ::1 /hstcesys/home/user/checkStudentId.html
INFO: [ app_begin ] --START--
INFO: Run Behavior\ReadHtmlCacheBehavior [ RunTime:0.000688s ]
INFO: [ app_begin ] --END-- [ RunTime:0.001291s ]
SQL: SHOW COLUMNS FROM `users` [ RunTime:0.0058s ]
SQL: SELECT * FROM `users` WHERE `student_id` = '201311812' LIMIT 1   [ RunTime:0.0003s ]

[ 2016-05-25T12:38:29+08:00 ] ::1 /hstcesys/home/user/checkStudentId.html
INFO: [ app_begin ] --START--
INFO: Run Behavior\ReadHtmlCacheBehavior [ RunTime:0.000494s ]
INFO: [ app_begin ] --END-- [ RunTime:0.000912s ]
SQL: SHOW COLUMNS FROM `users` [ RunTime:0.0043s ]
SQL: SELECT * FROM `users` WHERE `student_id` = '2013118120' LIMIT 1   [ RunTime:0.0003s ]

[ 2016-05-25T13:11:36+08:00 ] ::1 /hstcesys/home/user/checkStudentId.html
INFO: [ app_begin ] --START--
INFO: Run Behavior\ReadHtmlCacheBehavior [ RunTime:0.000484s ]
INFO: [ app_begin ] --END-- [ RunTime:0.000903s ]
SQL: SHOW COLUMNS FROM `users` [ RunTime:0.0104s ]
SQL: SELECT * FROM `users` WHERE `student_id` = '2' LIMIT 1   [ RunTime:0.0003s ]

[ 2016-05-25T13:11:36+08:00 ] ::1 /hstcesys/home/user/checkStudentId.html
INFO: [ app_begin ] --START--
INFO: Run Behavior\ReadHtmlCacheBehavior [ RunTime:0.000759s ]
INFO: [ app_begin ] --END-- [ RunTime:0.001479s ]
SQL: SHOW COLUMNS FROM `users` [ RunTime:0.0053s ]
SQL: SELECT * FROM `users` WHERE `student_id` = '20' LIMIT 1   [ RunTime:0.0004s ]

[ 2016-05-25T13:11:36+08:00 ] ::1 /hstcesys/home/user/checkStudentId.html
INFO: [ app_begin ] --START--
INFO: Run Behavior\ReadHtmlCacheBehavior [ RunTime:0.000764s ]
INFO: [ app_begin ] --END-- [ RunTime:0.001784s ]
SQL: SHOW COLUMNS FROM `users` [ RunTime:0.0062s ]
SQL: SELECT * FROM `users` WHERE `student_id` = '2013' LIMIT 1   [ RunTime:0.0004s ]

[ 2016-05-25T13:11:36+08:00 ] ::1 /hstcesys/home/user/checkStudentId.html
INFO: [ app_begin ] --START--
INFO: Run Behavior\ReadHtmlCacheBehavior [ RunTime:0.000749s ]
INFO: [ app_begin ] --END-- [ RunTime:0.001414s ]
SQL: SHOW COLUMNS FROM `users` [ RunTime:0.0069s ]
SQL: SELECT * FROM `users` WHERE `student_id` = '2013' LIMIT 1   [ RunTime:0.0004s ]

[ 2016-05-25T13:13:21+08:00 ] ::1 /hstcesys/home/user/checkStudentId.html
INFO: [ app_begin ] --START--
INFO: Run Behavior\ReadHtmlCacheBehavior [ RunTime:0.000815s ]
INFO: [ app_begin ] --END-- [ RunTime:0.001435s ]
SQL: SHOW COLUMNS FROM `users` [ RunTime:0.0046s ]
SQL: SELECT * FROM `users` WHERE `student_id` = '2' LIMIT 1   [ RunTime:0.0003s ]

[ 2016-05-25T13:13:21+08:00 ] ::1 /hstcesys/home/user/checkStudentId.html
INFO: [ app_begin ] --START--
INFO: Run Behavior\ReadHtmlCacheBehavior [ RunTime:0.000479s ]
INFO: [ app_begin ] --END-- [ RunTime:0.000899s ]
SQL: SHOW COLUMNS FROM `users` [ RunTime:0.0049s ]
SQL: SELECT * FROM `users` WHERE `student_id` = '20' LIMIT 1   [ RunTime:0.0003s ]

[ 2016-05-25T13:13:22+08:00 ] ::1 /hstcesys/home/user/checkStudentId.html
INFO: [ app_begin ] --START--
INFO: Run Behavior\ReadHtmlCacheBehavior [ RunTime:0.000488s ]
INFO: [ app_begin ] --END-- [ RunTime:0.000933s ]
SQL: SHOW COLUMNS FROM `users` [ RunTime:0.0063s ]
SQL: SELECT * FROM `users` WHERE `student_id` = '2013' LIMIT 1   [ RunTime:0.0003s ]

[ 2016-05-25T13:13:22+08:00 ] ::1 /hstcesys/home/user/checkStudentId.html
INFO: [ app_begin ] --START--
INFO: Run Behavior\ReadHtmlCacheBehavior [ RunTime:0.000480s ]
INFO: [ app_begin ] --END-- [ RunTime:0.000899s ]
SQL: SHOW COLUMNS FROM `users` [ RunTime:0.0042s ]
SQL: SELECT * FROM `users` WHERE `student_id` = '2013' LIMIT 1   [ RunTime:0.0003s ]

[ 2016-05-25T13:13:22+08:00 ] ::1 /hstcesys/home/user/checkStudentId.html
INFO: [ app_begin ] --START--
INFO: Run Behavior\ReadHtmlCacheBehavior [ RunTime:0.000477s ]
INFO: [ app_begin ] --END-- [ RunTime:0.000899s ]
SQL: SHOW COLUMNS FROM `users` [ RunTime:0.0042s ]
SQL: SELECT * FROM `users` WHERE `student_id` = '20131' LIMIT 1   [ RunTime:0.0003s ]

[ 2016-05-25T13:13:23+08:00 ] ::1 /hstcesys/home/user/checkStudentId.html
INFO: [ app_begin ] --START--
INFO: Run Behavior\ReadHtmlCacheBehavior [ RunTime:0.000479s ]
INFO: [ app_begin ] --END-- [ RunTime:0.000904s ]
SQL: SHOW COLUMNS FROM `users` [ RunTime:0.0047s ]
SQL: SELECT * FROM `users` WHERE `student_id` = '201311' LIMIT 1   [ RunTime:0.0003s ]

[ 2016-05-25T13:13:23+08:00 ] ::1 /hstcesys/home/user/checkStudentId.html
INFO: [ app_begin ] --START--
INFO: Run Behavior\ReadHtmlCacheBehavior [ RunTime:0.000486s ]
INFO: [ app_begin ] --END-- [ RunTime:0.000910s ]
SQL: SHOW COLUMNS FROM `users` [ RunTime:0.0042s ]
SQL: SELECT * FROM `users` WHERE `student_id` = '2013118' LIMIT 1   [ RunTime:0.0003s ]

[ 2016-05-25T13:13:23+08:00 ] ::1 /hstcesys/home/user/checkStudentId.html
INFO: [ app_begin ] --START--
INFO: Run Behavior\ReadHtmlCacheBehavior [ RunTime:0.000553s ]
INFO: [ app_begin ] --END-- [ RunTime:0.001034s ]
SQL: SHOW COLUMNS FROM `users` [ RunTime:0.0057s ]
SQL: SELECT * FROM `users` WHERE `student_id` = '20131181' LIMIT 1   [ RunTime:0.0003s ]

[ 2016-05-25T13:13:23+08:00 ] ::1 /hstcesys/home/user/checkStudentId.html
INFO: [ app_begin ] --START--
INFO: Run Behavior\ReadHtmlCacheBehavior [ RunTime:0.000480s ]
INFO: [ app_begin ] --END-- [ RunTime:0.000900s ]
SQL: SHOW COLUMNS FROM `users` [ RunTime:0.0044s ]
SQL: SELECT * FROM `users` WHERE `student_id` = '201311812' LIMIT 1   [ RunTime:0.0003s ]

[ 2016-05-25T13:13:24+08:00 ] ::1 /hstcesys/home/user/checkStudentId.html
INFO: [ app_begin ] --START--
INFO: Run Behavior\ReadHtmlCacheBehavior [ RunTime:0.000476s ]
INFO: [ app_begin ] --END-- [ RunTime:0.000904s ]
SQL: SHOW COLUMNS FROM `users` [ RunTime:0.0041s ]
SQL: SELECT * FROM `users` WHERE `student_id` = '2013118120' LIMIT 1   [ RunTime:0.0003s ]

[ 2016-05-25T13:15:30+08:00 ] ::1 /hstcesys/home/user/checkStudentId.html
INFO: [ app_begin ] --START--
INFO: Run Behavior\ReadHtmlCacheBehavior [ RunTime:0.000716s ]
INFO: [ app_begin ] --END-- [ RunTime:0.001215s ]
SQL: SHOW COLUMNS FROM `users` [ RunTime:0.0098s ]
SQL: SELECT * FROM `users` WHERE `student_id` = '2' LIMIT 1   [ RunTime:0.0003s ]

[ 2016-05-25T13:15:31+08:00 ] ::1 /hstcesys/home/user/checkStudentId.html
INFO: [ app_begin ] --START--
INFO: Run Behavior\ReadHtmlCacheBehavior [ RunTime:0.000781s ]
INFO: [ app_begin ] --END-- [ RunTime:0.001520s ]
SQL: SHOW COLUMNS FROM `users` [ RunTime:0.0059s ]
SQL: SELECT * FROM `users` WHERE `student_id` = '20' LIMIT 1   [ RunTime:0.0003s ]

[ 2016-05-25T13:15:31+08:00 ] ::1 /hstcesys/home/user/checkStudentId.html
INFO: [ app_begin ] --START--
INFO: Run Behavior\ReadHtmlCacheBehavior [ RunTime:0.000809s ]
INFO: [ app_begin ] --END-- [ RunTime:0.001584s ]
SQL: SHOW COLUMNS FROM `users` [ RunTime:0.0063s ]
SQL: SELECT * FROM `users` WHERE `student_id` = '2013' LIMIT 1   [ RunTime:0.0005s ]

[ 2016-05-25T13:15:32+08:00 ] ::1 /hstcesys/home/user/checkStudentId.html
INFO: [ app_begin ] --START--
INFO: Run Behavior\ReadHtmlCacheBehavior [ RunTime:0.000624s ]
INFO: [ app_begin ] --END-- [ RunTime:0.001214s ]
SQL: SHOW COLUMNS FROM `users` [ RunTime:0.0070s ]
SQL: SELECT * FROM `users` WHERE `student_id` = '2013' LIMIT 1   [ RunTime:0.0004s ]

[ 2016-05-25T13:15:32+08:00 ] ::1 /hstcesys/home/user/checkStudentId.html
INFO: [ app_begin ] --START--
INFO: Run Behavior\ReadHtmlCacheBehavior [ RunTime:0.000731s ]
INFO: [ app_begin ] --END-- [ RunTime:0.001388s ]
SQL: SHOW COLUMNS FROM `users` [ RunTime:0.0045s ]
SQL: SELECT * FROM `users` WHERE `student_id` = '20131' LIMIT 1   [ RunTime:0.0003s ]

[ 2016-05-25T13:15:34+08:00 ] ::1 /hstcesys/home/user/checkStudentId.html
INFO: [ app_begin ] --START--
INFO: Run Behavior\ReadHtmlCacheBehavior [ RunTime:0.000761s ]
INFO: [ app_begin ] --END-- [ RunTime:0.001465s ]
SQL: SHOW COLUMNS FROM `users` [ RunTime:0.0122s ]
SQL: SELECT * FROM `users` WHERE `student_id` = '201311' LIMIT 1   [ RunTime:0.0004s ]

[ 2016-05-25T13:15:34+08:00 ] ::1 /hstcesys/home/user/checkStudentId.html
INFO: [ app_begin ] --START--
INFO: Run Behavior\ReadHtmlCacheBehavior [ RunTime:0.000744s ]
INFO: [ app_begin ] --END-- [ RunTime:0.001369s ]
SQL: SHOW COLUMNS FROM `users` [ RunTime:0.0069s ]
SQL: SELECT * FROM `users` WHERE `student_id` = '2013118' LIMIT 1   [ RunTime:0.0004s ]

[ 2016-05-25T13:15:35+08:00 ] ::1 /hstcesys/home/user/checkStudentId.html
INFO: [ app_begin ] --START--
INFO: Run Behavior\ReadHtmlCacheBehavior [ RunTime:0.000699s ]
INFO: [ app_begin ] --END-- [ RunTime:0.001332s ]
SQL: SHOW COLUMNS FROM `users` [ RunTime:0.0061s ]
SQL: SELECT * FROM `users` WHERE `student_id` = '20131181' LIMIT 1   [ RunTime:0.0004s ]

[ 2016-05-25T13:15:35+08:00 ] ::1 /hstcesys/home/user/checkStudentId.html
INFO: [ app_begin ] --START--
INFO: Run Behavior\ReadHtmlCacheBehavior [ RunTime:0.000768s ]
INFO: [ app_begin ] --END-- [ RunTime:0.001478s ]
SQL: SHOW COLUMNS FROM `users` [ RunTime:0.0067s ]
SQL: SELECT * FROM `users` WHERE `student_id` = '201311812' LIMIT 1   [ RunTime:0.0005s ]

[ 2016-05-25T13:15:35+08:00 ] ::1 /hstcesys/home/user/checkStudentId.html
INFO: [ app_begin ] --START--
INFO: Run Behavior\ReadHtmlCacheBehavior [ RunTime:0.000724s ]
INFO: [ app_begin ] --END-- [ RunTime:0.001399s ]
SQL: SHOW COLUMNS FROM `users` [ RunTime:0.0048s ]
SQL: SELECT * FROM `users` WHERE `student_id` = '2013118120' LIMIT 1   [ RunTime:0.0005s ]

[ 2016-05-25T13:15:54+08:00 ] ::1 /hstcesys/home/user/checkStudentId.html
INFO: [ app_begin ] --START--
INFO: Run Behavior\ReadHtmlCacheBehavior [ RunTime:0.000595s ]
INFO: [ app_begin ] --END-- [ RunTime:0.001186s ]
SQL: SHOW COLUMNS FROM `users` [ RunTime:0.0044s ]
SQL: SELECT * FROM `users` WHERE `student_id` = '2' LIMIT 1   [ RunTime:0.0003s ]

[ 2016-05-25T13:15:54+08:00 ] ::1 /hstcesys/home/user/checkStudentId.html
INFO: [ app_begin ] --START--
INFO: Run Behavior\ReadHtmlCacheBehavior [ RunTime:0.000807s ]
INFO: [ app_begin ] --END-- [ RunTime:0.001526s ]
SQL: SHOW COLUMNS FROM `users` [ RunTime:0.0061s ]
SQL: SELECT * FROM `users` WHERE `student_id` = '20' LIMIT 1   [ RunTime:0.0003s ]

[ 2016-05-25T13:15:54+08:00 ] ::1 /hstcesys/home/user/checkStudentId.html
INFO: [ app_begin ] --START--
INFO: Run Behavior\ReadHtmlCacheBehavior [ RunTime:0.000546s ]
INFO: [ app_begin ] --END-- [ RunTime:0.001291s ]
SQL: SHOW COLUMNS FROM `users` [ RunTime:0.0046s ]
SQL: SELECT * FROM `users` WHERE `student_id` = '2013' LIMIT 1   [ RunTime:0.0005s ]

[ 2016-05-25T13:15:54+08:00 ] ::1 /hstcesys/home/user/checkStudentId.html
INFO: [ app_begin ] --START--
INFO: Run Behavior\ReadHtmlCacheBehavior [ RunTime:0.000821s ]
INFO: [ app_begin ] --END-- [ RunTime:0.001561s ]
SQL: SHOW COLUMNS FROM `users` [ RunTime:0.0060s ]
SQL: SELECT * FROM `users` WHERE `student_id` = '2013' LIMIT 1   [ RunTime:0.0004s ]

[ 2016-05-25T13:15:55+08:00 ] ::1 /hstcesys/home/user/checkStudentId.html
INFO: [ app_begin ] --START--
INFO: Run Behavior\ReadHtmlCacheBehavior [ RunTime:0.000811s ]
INFO: [ app_begin ] --END-- [ RunTime:0.001567s ]
SQL: SHOW COLUMNS FROM `users` [ RunTime:0.0065s ]
SQL: SELECT * FROM `users` WHERE `student_id` = '20131' LIMIT 1   [ RunTime:0.0004s ]

[ 2016-05-25T13:15:55+08:00 ] ::1 /hstcesys/home/user/checkStudentId.html
INFO: [ app_begin ] --START--
INFO: Run Behavior\ReadHtmlCacheBehavior [ RunTime:0.000508s ]
INFO: [ app_begin ] --END-- [ RunTime:0.000963s ]
SQL: SHOW COLUMNS FROM `users` [ RunTime:0.0063s ]
SQL: SELECT * FROM `users` WHERE `student_id` = '201311' LIMIT 1   [ RunTime:0.0003s ]

[ 2016-05-25T13:15:55+08:00 ] ::1 /hstcesys/home/user/checkStudentId.html
INFO: [ app_begin ] --START--
INFO: Run Behavior\ReadHtmlCacheBehavior [ RunTime:0.000745s ]
INFO: [ app_begin ] --END-- [ RunTime:0.001411s ]
SQL: SHOW COLUMNS FROM `users` [ RunTime:0.0070s ]
SQL: SELECT * FROM `users` WHERE `student_id` = '2013118' LIMIT 1   [ RunTime:0.0004s ]

[ 2016-05-25T13:15:55+08:00 ] ::1 /hstcesys/home/user/checkStudentId.html
INFO: [ app_begin ] --START--
INFO: Run Behavior\ReadHtmlCacheBehavior [ RunTime:0.000842s ]
INFO: [ app_begin ] --END-- [ RunTime:0.001443s ]
SQL: SHOW COLUMNS FROM `users` [ RunTime:0.0093s ]
SQL: SELECT * FROM `users` WHERE `student_id` = '20131181' LIMIT 1   [ RunTime:0.0003s ]

[ 2016-05-25T13:15:56+08:00 ] ::1 /hstcesys/home/user/checkStudentId.html
INFO: [ app_begin ] --START--
INFO: Run Behavior\ReadHtmlCacheBehavior [ RunTime:0.001018s ]
INFO: [ app_begin ] --END-- [ RunTime:0.001806s ]
SQL: SHOW COLUMNS FROM `users` [ RunTime:0.0061s ]
SQL: SELECT * FROM `users` WHERE `student_id` = '201311812' LIMIT 1   [ RunTime:0.0008s ]

[ 2016-05-25T13:15:56+08:00 ] ::1 /hstcesys/home/user/checkStudentId.html
INFO: [ app_begin ] --START--
INFO: Run Behavior\ReadHtmlCacheBehavior [ RunTime:0.000809s ]
INFO: [ app_begin ] --END-- [ RunTime:0.001533s ]
SQL: SHOW COLUMNS FROM `users` [ RunTime:0.0048s ]
SQL: SELECT * FROM `users` WHERE `student_id` = '2013118120' LIMIT 1   [ RunTime:0.0003s ]

[ 2016-05-25T13:16:00+08:00 ] ::1 /hstcesys/home/user/checkStudentId.html
INFO: [ app_begin ] --START--
INFO: Run Behavior\ReadHtmlCacheBehavior [ RunTime:0.000758s ]
INFO: [ app_begin ] --END-- [ RunTime:0.001427s ]
SQL: SHOW COLUMNS FROM `users` [ RunTime:0.0126s ]
SQL: SELECT * FROM `users` WHERE `student_id` = '201311812' LIMIT 1   [ RunTime:0.0004s ]

[ 2016-05-25T13:16:00+08:00 ] ::1 /hstcesys/home/user/checkStudentId.html
INFO: [ app_begin ] --START--
INFO: Run Behavior\ReadHtmlCacheBehavior [ RunTime:0.000724s ]
INFO: [ app_begin ] --END-- [ RunTime:0.001396s ]
SQL: SHOW COLUMNS FROM `users` [ RunTime:0.0069s ]
SQL: SELECT * FROM `users` WHERE `student_id` = '20131181' LIMIT 1   [ RunTime:0.0004s ]

[ 2016-05-25T13:16:01+08:00 ] ::1 /hstcesys/home/user/checkStudentId.html
INFO: [ app_begin ] --START--
INFO: Run Behavior\ReadHtmlCacheBehavior [ RunTime:0.000819s ]
INFO: [ app_begin ] --END-- [ RunTime:0.001519s ]
SQL: SHOW COLUMNS FROM `users` [ RunTime:0.0120s ]
SQL: SELECT * FROM `users` WHERE `student_id` = '201311812' LIMIT 1   [ RunTime:0.0004s ]

[ 2016-05-25T13:16:02+08:00 ] ::1 /hstcesys/home/user/checkStudentId.html
INFO: [ app_begin ] --START--
INFO: Run Behavior\ReadHtmlCacheBehavior [ RunTime:0.000752s ]
INFO: [ app_begin ] --END-- [ RunTime:0.001444s ]
SQL: SHOW COLUMNS FROM `users` [ RunTime:0.0071s ]
SQL: SELECT * FROM `users` WHERE `student_id` = '2013118129' LIMIT 1   [ RunTime:0.0004s ]

[ 2016-05-25T13:17:31+08:00 ] ::1 /hstcesys/home/user/checkStudentId.html
INFO: [ app_begin ] --START--
INFO: Run Behavior\ReadHtmlCacheBehavior [ RunTime:0.000787s ]
INFO: [ app_begin ] --END-- [ RunTime:0.001324s ]
SQL: SHOW COLUMNS FROM `users` [ RunTime:0.0062s ]
SQL: SELECT * FROM `users` WHERE `student_id` = '2' LIMIT 1   [ RunTime:0.0003s ]

[ 2016-05-25T13:17:31+08:00 ] ::1 /hstcesys/home/user/checkStudentId.html
INFO: [ app_begin ] --START--
INFO: Run Behavior\ReadHtmlCacheBehavior [ RunTime:0.000499s ]
INFO: [ app_begin ] --END-- [ RunTime:0.000964s ]
SQL: SHOW COLUMNS FROM `users` [ RunTime:0.0054s ]
SQL: SELECT * FROM `users` WHERE `student_id` = '20' LIMIT 1   [ RunTime:0.0003s ]

[ 2016-05-25T13:17:32+08:00 ] ::1 /hstcesys/home/user/checkStudentId.html
INFO: [ app_begin ] --START--
INFO: Run Behavior\ReadHtmlCacheBehavior [ RunTime:0.001103s ]
INFO: [ app_begin ] --END-- [ RunTime:0.001936s ]
SQL: SHOW COLUMNS FROM `users` [ RunTime:0.0067s ]
SQL: SELECT * FROM `users` WHERE `student_id` = '2013' LIMIT 1   [ RunTime:0.0004s ]

[ 2016-05-25T13:17:32+08:00 ] ::1 /hstcesys/home/user/checkStudentId.html
INFO: [ app_begin ] --START--
INFO: Run Behavior\ReadHtmlCacheBehavior [ RunTime:0.000766s ]
INFO: [ app_begin ] --END-- [ RunTime:0.001455s ]
SQL: SHOW COLUMNS FROM `users` [ RunTime:0.0060s ]
SQL: SELECT * FROM `users` WHERE `student_id` = '2013' LIMIT 1   [ RunTime:0.0004s ]

[ 2016-05-25T13:17:32+08:00 ] ::1 /hstcesys/home/user/checkStudentId.html
INFO: [ app_begin ] --START--
INFO: Run Behavior\ReadHtmlCacheBehavior [ RunTime:0.000919s ]
INFO: [ app_begin ] --END-- [ RunTime:0.002114s ]
SQL: SHOW COLUMNS FROM `users` [ RunTime:0.0059s ]
SQL: SELECT * FROM `users` WHERE `student_id` = '20131' LIMIT 1   [ RunTime:0.0004s ]

[ 2016-05-25T13:17:33+08:00 ] ::1 /hstcesys/home/user/checkStudentId.html
INFO: [ app_begin ] --START--
INFO: Run Behavior\ReadHtmlCacheBehavior [ RunTime:0.000733s ]
INFO: [ app_begin ] --END-- [ RunTime:0.001330s ]
SQL: SHOW COLUMNS FROM `users` [ RunTime:0.0060s ]
SQL: SELECT * FROM `users` WHERE `student_id` = '201311' LIMIT 1   [ RunTime:0.0003s ]

[ 2016-05-25T13:17:33+08:00 ] ::1 /hstcesys/home/user/checkStudentId.html
INFO: [ app_begin ] --START--
INFO: Run Behavior\ReadHtmlCacheBehavior [ RunTime:0.000836s ]
INFO: [ app_begin ] --END-- [ RunTime:0.001578s ]
SQL: SHOW COLUMNS FROM `users` [ RunTime:0.0071s ]
SQL: SELECT * FROM `users` WHERE `student_id` = '2013118' LIMIT 1   [ RunTime:0.0004s ]

[ 2016-05-25T13:17:33+08:00 ] ::1 /hstcesys/home/user/checkStudentId.html
INFO: [ app_begin ] --START--
INFO: Run Behavior\ReadHtmlCacheBehavior [ RunTime:0.000790s ]
INFO: [ app_begin ] --END-- [ RunTime:0.001468s ]
SQL: SHOW COLUMNS FROM `users` [ RunTime:0.0068s ]
SQL: SELECT * FROM `users` WHERE `student_id` = '20131181' LIMIT 1   [ RunTime:0.0004s ]

[ 2016-05-25T13:17:33+08:00 ] ::1 /hstcesys/home/user/checkStudentId.html
INFO: [ app_begin ] --START--
INFO: Run Behavior\ReadHtmlCacheBehavior [ RunTime:0.000695s ]
INFO: [ app_begin ] --END-- [ RunTime:0.001334s ]
SQL: SHOW COLUMNS FROM `users` [ RunTime:0.0062s ]
SQL: SELECT * FROM `users` WHERE `student_id` = '201311812' LIMIT 1   [ RunTime:0.0004s ]

[ 2016-05-25T13:17:33+08:00 ] ::1 /hstcesys/home/user/checkStudentId.html
INFO: [ app_begin ] --START--
INFO: Run Behavior\ReadHtmlCacheBehavior [ RunTime:0.000812s ]
INFO: [ app_begin ] --END-- [ RunTime:0.001537s ]
SQL: SHOW COLUMNS FROM `users` [ RunTime:0.0068s ]
SQL: SELECT * FROM `users` WHERE `student_id` = '2013118120' LIMIT 1   [ RunTime:0.0006s ]

[ 2016-05-25T13:17:37+08:00 ] ::1 /hstcesys/home/user/checkStudentId.html
INFO: [ app_begin ] --START--
INFO: Run Behavior\ReadHtmlCacheBehavior [ RunTime:0.000527s ]
INFO: [ app_begin ] --END-- [ RunTime:0.001024s ]
SQL: SHOW COLUMNS FROM `users` [ RunTime:0.0121s ]
SQL: SELECT * FROM `users` WHERE `student_id` = '201311812' LIMIT 1   [ RunTime:0.0003s ]

[ 2016-05-25T13:17:50+08:00 ] ::1 /hstcesys/home/user/checkStudentId.html
INFO: [ app_begin ] --START--
INFO: Run Behavior\ReadHtmlCacheBehavior [ RunTime:0.000705s ]
INFO: [ app_begin ] --END-- [ RunTime:0.001376s ]
SQL: SHOW COLUMNS FROM `users` [ RunTime:0.0121s ]
SQL: SELECT * FROM `users` WHERE `student_id` = '2013118129' LIMIT 1   [ RunTime:0.0004s ]

[ 2016-05-25T13:18:57+08:00 ] ::1 /hstcesys/home/user/checkStudentId.html
INFO: [ app_begin ] --START--
INFO: Run Behavior\ReadHtmlCacheBehavior [ RunTime:0.000485s ]
INFO: [ app_begin ] --END-- [ RunTime:0.000905s ]
SQL: SHOW COLUMNS FROM `users` [ RunTime:0.0042s ]
SQL: SELECT * FROM `users` WHERE `student_id` = '2' LIMIT 1   [ RunTime:0.0003s ]

[ 2016-05-25T13:18:58+08:00 ] ::1 /hstcesys/home/user/checkStudentId.html
INFO: [ app_begin ] --START--
INFO: Run Behavior\ReadHtmlCacheBehavior [ RunTime:0.000867s ]
INFO: [ app_begin ] --END-- [ RunTime:0.001486s ]
SQL: SHOW COLUMNS FROM `users` [ RunTime:0.0045s ]
SQL: SELECT * FROM `users` WHERE `student_id` = '20' LIMIT 1   [ RunTime:0.0004s ]

[ 2016-05-25T13:18:58+08:00 ] ::1 /hstcesys/home/user/checkStudentId.html
INFO: [ app_begin ] --START--
INFO: Run Behavior\ReadHtmlCacheBehavior [ RunTime:0.000515s ]
INFO: [ app_begin ] --END-- [ RunTime:0.001019s ]
SQL: SHOW COLUMNS FROM `users` [ RunTime:0.0125s ]
SQL: SELECT * FROM `users` WHERE `student_id` = '2013' LIMIT 1   [ RunTime:0.0004s ]

[ 2016-05-25T13:18:58+08:00 ] ::1 /hstcesys/home/user/checkStudentId.html
INFO: [ app_begin ] --START--
INFO: Run Behavior\ReadHtmlCacheBehavior [ RunTime:0.000526s ]
INFO: [ app_begin ] --END-- [ RunTime:0.000962s ]
SQL: SHOW COLUMNS FROM `users` [ RunTime:0.0054s ]
SQL: SELECT * FROM `users` WHERE `student_id` = '2013' LIMIT 1   [ RunTime:0.0004s ]

[ 2016-05-25T13:18:58+08:00 ] ::1 /hstcesys/home/user/checkStudentId.html
INFO: [ app_begin ] --START--
INFO: Run Behavior\ReadHtmlCacheBehavior [ RunTime:0.000619s ]
INFO: [ app_begin ] --END-- [ RunTime:0.001110s ]
SQL: SHOW COLUMNS FROM `users` [ RunTime:0.0048s ]
SQL: SELECT * FROM `users` WHERE `student_id` = '20131' LIMIT 1   [ RunTime:0.0003s ]

[ 2016-05-25T13:18:58+08:00 ] ::1 /hstcesys/home/user/checkStudentId.html
INFO: [ app_begin ] --START--
INFO: Run Behavior\ReadHtmlCacheBehavior [ RunTime:0.000703s ]
INFO: [ app_begin ] --END-- [ RunTime:0.001362s ]
SQL: SHOW COLUMNS FROM `users` [ RunTime:0.0063s ]
SQL: SELECT * FROM `users` WHERE `student_id` = '201311' LIMIT 1   [ RunTime:0.0003s ]

[ 2016-05-25T13:18:58+08:00 ] ::1 /hstcesys/home/user/checkStudentId.html
INFO: [ app_begin ] --START--
INFO: Run Behavior\ReadHtmlCacheBehavior [ RunTime:0.000786s ]
INFO: [ app_begin ] --END-- [ RunTime:0.001533s ]
SQL: SHOW COLUMNS FROM `users` [ RunTime:0.0063s ]
SQL: SELECT * FROM `users` WHERE `student_id` = '2013118' LIMIT 1   [ RunTime:0.0004s ]

[ 2016-05-25T13:18:59+08:00 ] ::1 /hstcesys/home/user/checkStudentId.html
INFO: [ app_begin ] --START--
INFO: Run Behavior\ReadHtmlCacheBehavior [ RunTime:0.001033s ]
INFO: [ app_begin ] --END-- [ RunTime:0.001728s ]
SQL: SHOW COLUMNS FROM `users` [ RunTime:0.0066s ]
SQL: SELECT * FROM `users` WHERE `student_id` = '20131181' LIMIT 1   [ RunTime:0.0004s ]

[ 2016-05-25T13:19:00+08:00 ] ::1 /hstcesys/home/user/checkStudentId.html
INFO: [ app_begin ] --START--
INFO: Run Behavior\ReadHtmlCacheBehavior [ RunTime:0.000762s ]
INFO: [ app_begin ] --END-- [ RunTime:0.001477s ]
SQL: SHOW COLUMNS FROM `users` [ RunTime:0.0120s ]
SQL: SELECT * FROM `users` WHERE `student_id` = '201311812' LIMIT 1   [ RunTime:0.0004s ]

[ 2016-05-25T13:19:00+08:00 ] ::1 /hstcesys/home/user/checkStudentId.html
INFO: [ app_begin ] --START--
INFO: Run Behavior\ReadHtmlCacheBehavior [ RunTime:0.000827s ]
INFO: [ app_begin ] --END-- [ RunTime:0.001955s ]
SQL: SHOW COLUMNS FROM `users` [ RunTime:0.0068s ]
SQL: SELECT * FROM `users` WHERE `student_id` = '2013118129' LIMIT 1   [ RunTime:0.0004s ]

[ 2016-05-25T13:19:25+08:00 ] ::1 /hstcesys/home/user/login.html
ERR: 非法操作:login

[ 2016-05-25T13:20:47+08:00 ] ::1 /hstcesys/home/user/checkStudentId.html
INFO: [ app_begin ] --START--
INFO: Run Behavior\ReadHtmlCacheBehavior [ RunTime:0.000483s ]
INFO: [ app_begin ] --END-- [ RunTime:0.000929s ]
SQL: SHOW COLUMNS FROM `users` [ RunTime:0.0099s ]
SQL: SELECT * FROM `users` WHERE `student_id` = '2' LIMIT 1   [ RunTime:0.0003s ]

[ 2016-05-25T13:20:47+08:00 ] ::1 /hstcesys/home/user/checkStudentId.html
INFO: [ app_begin ] --START--
INFO: Run Behavior\ReadHtmlCacheBehavior [ RunTime:0.000817s ]
INFO: [ app_begin ] --END-- [ RunTime:0.001525s ]
SQL: SHOW COLUMNS FROM `users` [ RunTime:0.0045s ]
SQL: SELECT * FROM `users` WHERE `student_id` = '20' LIMIT 1   [ RunTime:0.0003s ]

[ 2016-05-25T13:20:48+08:00 ] ::1 /hstcesys/home/user/checkStudentId.html
INFO: [ app_begin ] --START--
INFO: Run Behavior\ReadHtmlCacheBehavior [ RunTime:0.000751s ]
INFO: [ app_begin ] --END-- [ RunTime:0.001400s ]
SQL: SHOW COLUMNS FROM `users` [ RunTime:0.0058s ]
SQL: SELECT * FROM `users` WHERE `student_id` = '2013' LIMIT 1   [ RunTime:0.0003s ]

[ 2016-05-25T13:20:48+08:00 ] ::1 /hstcesys/home/user/checkStudentId.html
INFO: [ app_begin ] --START--
INFO: Run Behavior\ReadHtmlCacheBehavior [ RunTime:0.000486s ]
INFO: [ app_begin ] --END-- [ RunTime:0.000898s ]
SQL: SHOW COLUMNS FROM `users` [ RunTime:0.0044s ]
SQL: SELECT * FROM `users` WHERE `student_id` = '2013' LIMIT 1   [ RunTime:0.0003s ]

[ 2016-05-25T13:20:48+08:00 ] ::1 /hstcesys/home/user/checkStudentId.html
INFO: [ app_begin ] --START--
INFO: Run Behavior\ReadHtmlCacheBehavior [ RunTime:0.000480s ]
INFO: [ app_begin ] --END-- [ RunTime:0.000906s ]
SQL: SHOW COLUMNS FROM `users` [ RunTime:0.0042s ]
SQL: SELECT * FROM `users` WHERE `student_id` = '20131' LIMIT 1   [ RunTime:0.0003s ]

[ 2016-05-25T13:20:49+08:00 ] ::1 /hstcesys/home/user/checkStudentId.html
INFO: [ app_begin ] --START--
INFO: Run Behavior\ReadHtmlCacheBehavior [ RunTime:0.000484s ]
INFO: [ app_begin ] --END-- [ RunTime:0.000904s ]
SQL: SHOW COLUMNS FROM `users` [ RunTime:0.0043s ]
SQL: SELECT * FROM `users` WHERE `student_id` = '201311' LIMIT 1   [ RunTime:0.0003s ]

[ 2016-05-25T13:20:49+08:00 ] ::1 /hstcesys/home/user/checkStudentId.html
INFO: [ app_begin ] --START--
INFO: Run Behavior\ReadHtmlCacheBehavior [ RunTime:0.000622s ]
INFO: [ app_begin ] --END-- [ RunTime:0.001177s ]
SQL: SHOW COLUMNS FROM `users` [ RunTime:0.0042s ]
SQL: SELECT * FROM `users` WHERE `student_id` = '2013118' LIMIT 1   [ RunTime:0.0003s ]

[ 2016-05-25T13:20:49+08:00 ] ::1 /hstcesys/home/user/checkStudentId.html
INFO: [ app_begin ] --START--
INFO: Run Behavior\ReadHtmlCacheBehavior [ RunTime:0.000523s ]
INFO: [ app_begin ] --END-- [ RunTime:0.000972s ]
SQL: SHOW COLUMNS FROM `users` [ RunTime:0.0042s ]
SQL: SELECT * FROM `users` WHERE `student_id` = '20131181' LIMIT 1   [ RunTime:0.0003s ]

[ 2016-05-25T13:20:49+08:00 ] ::1 /hstcesys/home/user/checkStudentId.html
INFO: [ app_begin ] --START--
INFO: Run Behavior\ReadHtmlCacheBehavior [ RunTime:0.000744s ]
INFO: [ app_begin ] --END-- [ RunTime:0.001405s ]
SQL: SHOW COLUMNS FROM `users` [ RunTime:0.0054s ]
SQL: SELECT * FROM `users` WHERE `student_id` = '201311812' LIMIT 1   [ RunTime:0.0003s ]

[ 2016-05-25T13:20:49+08:00 ] ::1 /hstcesys/home/user/checkStudentId.html
INFO: [ app_begin ] --START--
INFO: Run Behavior\ReadHtmlCacheBehavior [ RunTime:0.000686s ]
INFO: [ app_begin ] --END-- [ RunTime:0.001283s ]
SQL: SHOW COLUMNS FROM `users` [ RunTime:0.0043s ]
SQL: SELECT * FROM `users` WHERE `student_id` = '2013118120' LIMIT 1   [ RunTime:0.0003s ]

[ 2016-05-25T13:20:52+08:00 ] ::1 /hstcesys/home/user/checkStudentId.html
INFO: [ app_begin ] --START--
INFO: Run Behavior\ReadHtmlCacheBehavior [ RunTime:0.000481s ]
INFO: [ app_begin ] --END-- [ RunTime:0.000905s ]
SQL: SHOW COLUMNS FROM `users` [ RunTime:0.0098s ]
SQL: SELECT * FROM `users` WHERE `student_id` = '201311812' LIMIT 1   [ RunTime:0.0003s ]

[ 2016-05-25T13:20:52+08:00 ] ::1 /hstcesys/home/user/checkStudentId.html
INFO: [ app_begin ] --START--
INFO: Run Behavior\ReadHtmlCacheBehavior [ RunTime:0.000485s ]
INFO: [ app_begin ] --END-- [ RunTime:0.000906s ]
SQL: SHOW COLUMNS FROM `users` [ RunTime:0.0047s ]
SQL: SELECT * FROM `users` WHERE `student_id` = '20131181' LIMIT 1   [ RunTime:0.0003s ]

[ 2016-05-25T13:20:53+08:00 ] ::1 /hstcesys/home/user/checkStudentId.html
INFO: [ app_begin ] --START--
INFO: Run Behavior\ReadHtmlCacheBehavior [ RunTime:0.000491s ]
INFO: [ app_begin ] --END-- [ RunTime:0.000927s ]
SQL: SHOW COLUMNS FROM `users` [ RunTime:0.0043s ]
SQL: SELECT * FROM `users` WHERE `student_id` = '201311811' LIMIT 1   [ RunTime:0.0003s ]

[ 2016-05-25T13:20:53+08:00 ] ::1 /hstcesys/home/user/checkStudentId.html
INFO: [ app_begin ] --START--
INFO: Run Behavior\ReadHtmlCacheBehavior [ RunTime:0.000481s ]
INFO: [ app_begin ] --END-- [ RunTime:0.000896s ]
SQL: SHOW COLUMNS FROM `users` [ RunTime:0.0048s ]
SQL: SELECT * FROM `users` WHERE `student_id` = '2013118114' LIMIT 1   [ RunTime:0.0004s ]

[ 2016-05-25T13:22:09+08:00 ] ::1 /hstcesys/home/login/check
INFO: [ app_begin ] --START--
INFO: Run Behavior\ReadHtmlCacheBehavior [ RunTime:0.000525s ]
INFO: [ app_begin ] --END-- [ RunTime:0.000974s ]
SQL: SHOW COLUMNS FROM `users` [ RunTime:0.0111s ]
SQL: SELECT * FROM `users` WHERE `student_id` = '2013118114' AND `password` = '30c8586794579fc0ea93c5b8561460b2' LIMIT 1   [ RunTime:0.0004s ]

[ 2016-05-25T13:27:38+08:00 ] ::1 /hstcesys/home/user/checkStudentId.html
INFO: [ app_begin ] --START--
INFO: Run Behavior\ReadHtmlCacheBehavior [ RunTime:0.000715s ]
INFO: [ app_begin ] --END-- [ RunTime:0.001206s ]
SQL: SHOW COLUMNS FROM `users` [ RunTime:0.0046s ]
SQL: SELECT * FROM `users` WHERE `student_id` = '1' LIMIT 1   [ RunTime:0.0003s ]

[ 2016-05-25T13:27:39+08:00 ] ::1 /hstcesys/home/user/checkStudentId.html
INFO: [ app_begin ] --START--
INFO: Run Behavior\ReadHtmlCacheBehavior [ RunTime:0.000476s ]
INFO: [ app_begin ] --END-- [ RunTime:0.000896s ]
SQL: SHOW COLUMNS FROM `users` [ RunTime:0.0044s ]
SQL: SELECT * FROM `users` WHERE `student_id` = '12' LIMIT 1   [ RunTime:0.0003s ]

[ 2016-05-25T13:27:40+08:00 ] ::1 /hstcesys/home/user/checkStudentId.html
INFO: [ app_begin ] --START--
INFO: Run Behavior\ReadHtmlCacheBehavior [ RunTime:0.000727s ]
INFO: [ app_begin ] --END-- [ RunTime:0.001485s ]
SQL: SHOW COLUMNS FROM `users` [ RunTime:0.0050s ]
SQL: SELECT * FROM `users` WHERE `student_id` = '122' LIMIT 1   [ RunTime:0.0003s ]

[ 2016-05-25T13:27:40+08:00 ] ::1 /hstcesys/home/user/checkStudentId.html
INFO: [ app_begin ] --START--
INFO: Run Behavior\ReadHtmlCacheBehavior [ RunTime:0.000481s ]
INFO: [ app_begin ] --END-- [ RunTime:0.000921s ]
SQL: SHOW COLUMNS FROM `users` [ RunTime:0.0043s ]
SQL: SELECT * FROM `users` WHERE `student_id` = '1222' LIMIT 1   [ RunTime:0.0003s ]

[ 2016-05-25T13:27:40+08:00 ] ::1 /hstcesys/home/user/checkStudentId.html
INFO: [ app_begin ] --START--
INFO: Run Behavior\ReadHtmlCacheBehavior [ RunTime:0.000486s ]
INFO: [ app_begin ] --END-- [ RunTime:0.000921s ]
SQL: SHOW COLUMNS FROM `users` [ RunTime:0.0046s ]
SQL: SELECT * FROM `users` WHERE `student_id` = '12222' LIMIT 1   [ RunTime:0.0004s ]

[ 2016-05-25T13:27:42+08:00 ] ::1 /hstcesys/home/user/checkStudentId.html
INFO: [ app_begin ] --START--
INFO: Run Behavior\ReadHtmlCacheBehavior [ RunTime:0.000492s ]
INFO: [ app_begin ] --END-- [ RunTime:0.000932s ]
SQL: SHOW COLUMNS FROM `users` [ RunTime:0.0044s ]
SQL: SELECT * FROM `users` WHERE `student_id` = '1222' LIMIT 1   [ RunTime:0.0003s ]

[ 2016-05-25T13:27:43+08:00 ] ::1 /hstcesys/home/user/checkStudentId.html
INFO: [ app_begin ] --START--
INFO: Run Behavior\ReadHtmlCacheBehavior [ RunTime:0.000701s ]
INFO: [ app_begin ] --END-- [ RunTime:0.001363s ]
SQL: SHOW COLUMNS FROM `users` [ RunTime:0.0045s ]
SQL: SELECT * FROM `users` WHERE `student_id` = '122' LIMIT 1   [ RunTime:0.0003s ]

[ 2016-05-25T13:27:43+08:00 ] ::1 /hstcesys/home/user/checkStudentId.html
INFO: [ app_begin ] --START--
INFO: Run Behavior\ReadHtmlCacheBehavior [ RunTime:0.000479s ]
INFO: [ app_begin ] --END-- [ RunTime:0.000935s ]
SQL: SHOW COLUMNS FROM `users` [ RunTime:0.0077s ]
SQL: SELECT * FROM `users` WHERE `student_id` = '12' LIMIT 1   [ RunTime:0.0003s ]

[ 2016-05-25T13:27:43+08:00 ] ::1 /hstcesys/home/user/checkStudentId.html
INFO: [ app_begin ] --START--
INFO: Run Behavior\ReadHtmlCacheBehavior [ RunTime:0.000483s ]
INFO: [ app_begin ] --END-- [ RunTime:0.000897s ]
SQL: SHOW COLUMNS FROM `users` [ RunTime:0.0041s ]
SQL: SELECT * FROM `users` WHERE `student_id` = '1' LIMIT 1   [ RunTime:0.0003s ]

[ 2016-05-25T13:28:24+08:00 ] ::1 /hstcesys/home/user/checkStudentId.html
INFO: [ app_begin ] --START--
INFO: Run Behavior\ReadHtmlCacheBehavior [ RunTime:0.000491s ]
INFO: [ app_begin ] --END-- [ RunTime:0.000976s ]
SQL: SHOW COLUMNS FROM `users` [ RunTime:0.0041s ]
SQL: SELECT * FROM `users` WHERE `student_id` = '2' LIMIT 1   [ RunTime:0.0003s ]

[ 2016-05-25T13:28:24+08:00 ] ::1 /hstcesys/home/user/checkStudentId.html
INFO: [ app_begin ] --START--
INFO: Run Behavior\ReadHtmlCacheBehavior [ RunTime:0.000807s ]
INFO: [ app_begin ] --END-- [ RunTime:0.001577s ]
SQL: SHOW COLUMNS FROM `users` [ RunTime:0.0057s ]
SQL: SELECT * FROM `users` WHERE `student_id` = '20' LIMIT 1   [ RunTime:0.0003s ]

[ 2016-05-25T13:28:24+08:00 ] ::1 /hstcesys/home/user/checkStudentId.html
INFO: [ app_begin ] --START--
INFO: Run Behavior\ReadHtmlCacheBehavior [ RunTime:0.000493s ]
INFO: [ app_begin ] --END-- [ RunTime:0.000934s ]
SQL: SHOW COLUMNS FROM `users` [ RunTime:0.0041s ]
SQL: SELECT * FROM `users` WHERE `student_id` = '2013' LIMIT 1   [ RunTime:0.0003s ]

[ 2016-05-25T13:28:24+08:00 ] ::1 /hstcesys/home/user/checkStudentId.html
INFO: [ app_begin ] --START--
INFO: Run Behavior\ReadHtmlCacheBehavior [ RunTime:0.000484s ]
INFO: [ app_begin ] --END-- [ RunTime:0.000912s ]
SQL: SHOW COLUMNS FROM `users` [ RunTime:0.0059s ]
SQL: SELECT * FROM `users` WHERE `student_id` = '2013' LIMIT 1   [ RunTime:0.0003s ]

[ 2016-05-25T13:28:55+08:00 ] ::1 /hstcesys/home/user/checkStudentId.html
INFO: [ app_begin ] --START--
INFO: Run Behavior\ReadHtmlCacheBehavior [ RunTime:0.000487s ]
INFO: [ app_begin ] --END-- [ RunTime:0.000973s ]
SQL: SHOW COLUMNS FROM `users` [ RunTime:0.0100s ]
SQL: SELECT * FROM `users` WHERE `student_id` = '2013118120' LIMIT 1   [ RunTime:0.0003s ]

[ 2016-05-25T16:41:56+08:00 ] ::1 /hstcesys/home/login/check
INFO: [ app_begin ] --START--
INFO: Run Behavior\ReadHtmlCacheBehavior [ RunTime:0.000708s ]
INFO: [ app_begin ] --END-- [ RunTime:0.001203s ]
SQL: SHOW COLUMNS FROM `users` [ RunTime:0.0117s ]
SQL: SELECT * FROM `users` WHERE `student_id` = '2013118120' AND `password` = '30c8586794579fc0ea93c5b8561460b2' LIMIT 1   [ RunTime:0.0004s ]

