[ 2016-05-26T19:16:28+08:00 ] ::1 /hstcesys/home/login/check
INFO: [ app_begin ] --START--
INFO: Run Behavior\ReadHtmlCacheBehavior [ RunTime:0.000485s ]
INFO: [ app_begin ] --END-- [ RunTime:0.000901s ]
SQL: SHOW COLUMNS FROM `users` [ RunTime:0.0273s ]
SQL: SELECT * FROM `users` WHERE `student_id` = '2013181116' AND `password` = 'e10adc3949ba59abbe56e057f20f883e' LIMIT 1   [ RunTime:0.0198s ]

[ 2016-05-26T19:17:45+08:00 ] ::1 /hstcesys/home/login/check
INFO: [ app_begin ] --START--
INFO: Run Behavior\ReadHtmlCacheBehavior [ RunTime:0.000711s ]
INFO: [ app_begin ] --END-- [ RunTime:0.001238s ]
SQL: SHOW COLUMNS FROM `users` [ RunTime:0.0077s ]
SQL: SELECT * FROM `users` WHERE `student_id` = '2013118120' AND `password` = '30c8586794579fc0ea93c5b8561460b2' LIMIT 1   [ RunTime:0.0003s ]

[ 2016-05-26T19:21:30+08:00 ] ::1 /hstcesys/home/index/www.baidu.com
ERR: 非法操作:www.baidu.com

[ 2016-05-26T19:34:53+08:00 ] ::1 /hstcesys/home/login/check
INFO: [ app_begin ] --START--
INFO: Run Behavior\ReadHtmlCacheBehavior [ RunTime:0.000522s ]
INFO: [ app_begin ] --END-- [ RunTime:0.000984s ]
SQL: SHOW COLUMNS FROM `users` [ RunTime:0.0081s ]
SQL: SELECT * FROM `users` WHERE `student_id` = '2013118120' AND `password` = '30c8586794579fc0ea93c5b8561460b2' LIMIT 1   [ RunTime:0.0014s ]

[ 2016-05-26T19:36:22+08:00 ] ::1 /hstcesys/home/login/check
INFO: [ app_begin ] --START--
INFO: Run Behavior\ReadHtmlCacheBehavior [ RunTime:0.001908s ]
INFO: [ app_begin ] --END-- [ RunTime:0.003285s ]
SQL: SHOW COLUMNS FROM `users` [ RunTime:0.0078s ]
SQL: SELECT * FROM `users` WHERE `student_id` = '2013118120' AND `password` = '30c8586794579fc0ea93c5b8561460b2' LIMIT 1   [ RunTime:0.0005s ]

[ 2016-05-26T19:37:42+08:00 ] ::1 /hstcesys/home/user/checkStudentId.html
INFO: [ app_begin ] --START--
INFO: Run Behavior\ReadHtmlCacheBehavior [ RunTime:0.000496s ]
INFO: [ app_begin ] --END-- [ RunTime:0.001002s ]
SQL: SHOW COLUMNS FROM `users` [ RunTime:0.0045s ]
SQL: SELECT * FROM `users` WHERE `student_id` = '2013118105' LIMIT 1   [ RunTime:0.0003s ]

[ 2016-05-26T19:38:09+08:00 ] ::1 /hstcesys/home/login/check
INFO: [ app_begin ] --START--
INFO: Run Behavior\ReadHtmlCacheBehavior [ RunTime:0.000546s ]
INFO: [ app_begin ] --END-- [ RunTime:0.001090s ]
SQL: SHOW COLUMNS FROM `users` [ RunTime:0.0078s ]
SQL: SELECT * FROM `users` WHERE `student_id` = '2013118105' AND `password` = '30c8586794579fc0ea93c5b8561460b2' LIMIT 1   [ RunTime:0.0005s ]

[ 2016-05-26T19:40:43+08:00 ] ::1 /hstcesys/home/login/check
INFO: [ app_begin ] --START--
INFO: Run Behavior\ReadHtmlCacheBehavior [ RunTime:0.000491s ]
INFO: [ app_begin ] --END-- [ RunTime:0.001008s ]
SQL: SHOW COLUMNS FROM `users` [ RunTime:0.0064s ]
SQL: SELECT * FROM `users` WHERE `student_id` = '2013118120' AND `password` = '30c8586794579fc0ea93c5b8561460b2' LIMIT 1   [ RunTime:0.0005s ]

[ 2016-05-26T19:50:09+08:00 ] ::1 /hstcesys/home/login/check
INFO: [ app_begin ] --START--
INFO: Run Behavior\ReadHtmlCacheBehavior [ RunTime:0.002270s ]
INFO: [ app_begin ] --END-- [ RunTime:0.008322s ]
SQL: SHOW COLUMNS FROM `users` [ RunTime:0.0056s ]
SQL: SELECT * FROM `users` WHERE `student_id` = '2013118120' AND `password` = '30c8586794579fc0ea93c5b8561460b2' LIMIT 1   [ RunTime:0.0006s ]

[ 2016-05-26T19:52:03+08:00 ] ::1 /hstcesys/home/login/check
INFO: [ app_begin ] --START--
INFO: Run Behavior\ReadHtmlCacheBehavior [ RunTime:0.000973s ]
INFO: [ app_begin ] --END-- [ RunTime:0.002611s ]
SQL: SHOW COLUMNS FROM `users` [ RunTime:0.0153s ]
SQL: SELECT * FROM `users` WHERE `student_id` = '2013118120' AND `password` = '30c8586794579fc0ea93c5b8561460b2' LIMIT 1   [ RunTime:0.0005s ]

[ 2016-05-26T20:00:58+08:00 ] ::1 /hstcesys/home/login/check
INFO: [ app_begin ] --START--
INFO: Run Behavior\ReadHtmlCacheBehavior [ RunTime:0.000864s ]
INFO: [ app_begin ] --END-- [ RunTime:0.001799s ]
SQL: SHOW COLUMNS FROM `users` [ RunTime:0.0142s ]
SQL: SELECT * FROM `users` WHERE `student_id` = '2013118120' AND `password` = '30c8586794579fc0ea93c5b8561460b2' LIMIT 1   [ RunTime:0.0006s ]

[ 2016-05-26T20:45:36+08:00 ] ::1 /hstcesys/home/user/modify
ERR: Think\Model:relation方法不存在！

[ 2016-05-26T20:45:50+08:00 ] ::1 /hstcesys/home/user/modify
ERR: Think\Model:relation方法不存在！

[ 2016-05-26T20:45:56+08:00 ] ::1 /hstcesys/home/user/modify
ERR: Think\Model:relation方法不存在！

[ 2016-05-26T20:46:28+08:00 ] ::1 /hstcesys/home/user/modify
ERR: Think\Model:relation方法不存在！

[ 2016-05-26T20:46:32+08:00 ] ::1 /hstcesys/home/user/modify
ERR: Think\Model:relation方法不存在！

[ 2016-05-26T20:46:58+08:00 ] ::1 /hstcesys/home/user/modify
ERR: 模板不存在:./Application/Home/View/User/user_info.html

[ 2016-05-26T20:50:14+08:00 ] ::1 /hstcesys/home/login/check
INFO: [ app_begin ] --START--
INFO: Run Behavior\ReadHtmlCacheBehavior [ RunTime:0.000497s ]
INFO: [ app_begin ] --END-- [ RunTime:0.001075s ]
SQL: SHOW COLUMNS FROM `users` [ RunTime:0.0071s ]
SQL: SELECT * FROM `users` WHERE `student_id` = '2013118116' AND `password` = '30c8586794579fc0ea93c5b8561460b2' LIMIT 1   [ RunTime:0.0003s ]

[ 2016-05-26T20:50:26+08:00 ] ::1 /hstcesys/home/login/check
INFO: [ app_begin ] --START--
INFO: Run Behavior\ReadHtmlCacheBehavior [ RunTime:0.000748s ]
INFO: [ app_begin ] --END-- [ RunTime:0.001335s ]
SQL: SHOW COLUMNS FROM `users` [ RunTime:0.0112s ]
SQL: SELECT * FROM `users` WHERE `student_id` = '201318116' AND `password` = '30c8586794579fc0ea93c5b8561460b2' LIMIT 1   [ RunTime:0.0003s ]

[ 2016-05-26T20:50:31+08:00 ] ::1 /hstcesys/home/login/check
INFO: [ app_begin ] --START--
INFO: Run Behavior\ReadHtmlCacheBehavior [ RunTime:0.000706s ]
INFO: [ app_begin ] --END-- [ RunTime:0.001330s ]
SQL: SHOW COLUMNS FROM `users` [ RunTime:0.0079s ]
SQL: SELECT * FROM `users` WHERE `student_id` = '2013181116' AND `password` = '30c8586794579fc0ea93c5b8561460b2' LIMIT 1   [ RunTime:0.0004s ]

[ 2016-05-26T20:50:37+08:00 ] ::1 /hstcesys/home/login/check
INFO: [ app_begin ] --START--
INFO: Run Behavior\ReadHtmlCacheBehavior [ RunTime:0.000562s ]
INFO: [ app_begin ] --END-- [ RunTime:0.001092s ]
SQL: SHOW COLUMNS FROM `users` [ RunTime:0.0063s ]
SQL: SELECT * FROM `users` WHERE `student_id` = '2013181116' AND `password` = 'e10adc3949ba59abbe56e057f20f883e' LIMIT 1   [ RunTime:0.0005s ]

[ 2016-05-26T21:44:16+08:00 ] ::1 /hstcesys/home/login/check
INFO: [ app_begin ] --START--
INFO: Run Behavior\ReadHtmlCacheBehavior [ RunTime:0.001057s ]
INFO: [ app_begin ] --END-- [ RunTime:0.001558s ]
SQL: SHOW COLUMNS FROM `users` [ RunTime:0.0063s ]
SQL: SELECT * FROM `users` WHERE `student_id` = '2013118120' AND `password` = '30c8586794579fc0ea93c5b8561460b2' LIMIT 1   [ RunTime:0.0004s ]

[ 2016-05-26T21:47:08+08:00 ] ::1 /hstcesys/home/login/check
INFO: [ app_begin ] --START--
INFO: Run Behavior\ReadHtmlCacheBehavior [ RunTime:0.000797s ]
INFO: [ app_begin ] --END-- [ RunTime:0.001878s ]
SQL: SHOW COLUMNS FROM `users` [ RunTime:0.0056s ]
SQL: SELECT * FROM `users` WHERE `student_id` = '2013118120' AND `password` = '30c8586794579fc0ea93c5b8561460b2' LIMIT 1   [ RunTime:0.0003s ]

[ 2016-05-26T21:47:24+08:00 ] ::1 /hstcesys/home/user/hstcesys/home
ERR: 非法操作:hstcesys

[ 2016-05-26T21:58:15+08:00 ] ::1 /hstcesys/home/login/check
INFO: [ app_begin ] --START--
INFO: Run Behavior\ReadHtmlCacheBehavior [ RunTime:0.001811s ]
INFO: [ app_begin ] --END-- [ RunTime:0.002400s ]
SQL: SHOW COLUMNS FROM `users` [ RunTime:0.0053s ]
SQL: SELECT * FROM `users` WHERE `student_id` = '201318116' AND `password` = '30c8586794579fc0ea93c5b8561460b2' LIMIT 1   [ RunTime:0.0004s ]

[ 2016-05-26T21:58:20+08:00 ] ::1 /hstcesys/home/login/check
INFO: [ app_begin ] --START--
INFO: Run Behavior\ReadHtmlCacheBehavior [ RunTime:0.002884s ]
INFO: [ app_begin ] --END-- [ RunTime:0.003721s ]
SQL: SHOW COLUMNS FROM `users` [ RunTime:0.0043s ]
SQL: SELECT * FROM `users` WHERE `student_id` = '2013181116' AND `password` = '30c8586794579fc0ea93c5b8561460b2' LIMIT 1   [ RunTime:0.0003s ]

[ 2016-05-26T21:58:25+08:00 ] ::1 /hstcesys/home/login/check
INFO: [ app_begin ] --START--
INFO: Run Behavior\ReadHtmlCacheBehavior [ RunTime:0.001719s ]
INFO: [ app_begin ] --END-- [ RunTime:0.002602s ]
SQL: SHOW COLUMNS FROM `users` [ RunTime:0.0071s ]
SQL: SELECT * FROM `users` WHERE `student_id` = '2013181116' AND `password` = 'e10adc3949ba59abbe56e057f20f883e' LIMIT 1   [ RunTime:0.0004s ]

[ 2016-05-26T22:28:04+08:00 ] ::1 /hstcesys/home/login/check
INFO: [ app_begin ] --START--
INFO: Run Behavior\ReadHtmlCacheBehavior [ RunTime:0.001721s ]
INFO: [ app_begin ] --END-- [ RunTime:0.002610s ]
SQL: SHOW COLUMNS FROM `users` [ RunTime:0.0075s ]
SQL: SELECT * FROM `users` WHERE `student_id` = '2013118120' AND `password` = '30c8586794579fc0ea93c5b8561460b2' LIMIT 1   [ RunTime:0.0005s ]

[ 2016-05-26T22:37:28+08:00 ] ::1 /hstcesys/home/login/check
INFO: [ app_begin ] --START--
INFO: Run Behavior\ReadHtmlCacheBehavior [ RunTime:0.000501s ]
INFO: [ app_begin ] --END-- [ RunTime:0.000960s ]
SQL: SHOW COLUMNS FROM `users` [ RunTime:0.0116s ]
SQL: SELECT * FROM `users` WHERE `student_id` = '2013118106' AND `password` = '30c8586794579fc0ea93c5b8561460b2' LIMIT 1   [ RunTime:0.0003s ]

[ 2016-05-26T22:37:38+08:00 ] ::1 /hstcesys/home/user/checkStudentId.html
INFO: [ app_begin ] --START--
INFO: Run Behavior\ReadHtmlCacheBehavior [ RunTime:0.000555s ]
INFO: [ app_begin ] --END-- [ RunTime:0.001154s ]
SQL: SHOW COLUMNS FROM `users` [ RunTime:0.0126s ]
SQL: SELECT * FROM `users` WHERE `student_id` = '2013118106' LIMIT 1   [ RunTime:0.0005s ]

[ 2016-05-26T22:38:03+08:00 ] ::1 /hstcesys/home/user/checkStudentId.html
INFO: [ app_begin ] --START--
INFO: Run Behavior\ReadHtmlCacheBehavior [ RunTime:0.001129s ]
INFO: [ app_begin ] --END-- [ RunTime:0.001701s ]
SQL: SHOW COLUMNS FROM `users` [ RunTime:0.0046s ]
SQL: SELECT * FROM `users` WHERE `student_id` = '2013118106' LIMIT 1   [ RunTime:0.0004s ]

[ 2016-05-26T22:39:24+08:00 ] ::1 /hstcesys/home/login/check
INFO: [ app_begin ] --START--
INFO: Run Behavior\ReadHtmlCacheBehavior [ RunTime:0.001079s ]
INFO: [ app_begin ] --END-- [ RunTime:0.001597s ]
SQL: SHOW COLUMNS FROM `users` [ RunTime:0.0052s ]
SQL: SELECT * FROM `users` WHERE `student_id` = '2013118106' AND `password` = 'c33ccebe21f01ea7a49d5a63223e1e04' LIMIT 1   [ RunTime:0.0003s ]

[ 2016-05-26T22:42:51+08:00 ] ::1 /hstcesys/home/user/checkPassword
INFO: [ app_begin ] --START--
INFO: Run Behavior\ReadHtmlCacheBehavior [ RunTime:0.000504s ]
INFO: [ app_begin ] --END-- [ RunTime:0.000947s ]
SQL: SHOW COLUMNS FROM `users` [ RunTime:0.0048s ]
SQL: SELECT * FROM `users` WHERE `student_id` = '2013118106' AND `password` = 'e10adc3949ba59abbe56e057f20f883e' LIMIT 1   [ RunTime:0.0003s ]

[ 2016-05-26T22:43:03+08:00 ] ::1 /hstcesys/home/user/checkPassword
INFO: [ app_begin ] --START--
INFO: Run Behavior\ReadHtmlCacheBehavior [ RunTime:0.001094s ]
INFO: [ app_begin ] --END-- [ RunTime:0.002582s ]
SQL: SHOW COLUMNS FROM `users` [ RunTime:0.0048s ]
SQL: SELECT * FROM `users` WHERE `student_id` = '2013118106' AND `password` = 'c33ccebe21f01ea7a49d5a63223e1e04' LIMIT 1   [ RunTime:0.0003s ]

[ 2016-05-26T22:43:03+08:00 ] ::1 /hstcesys/home/user/modifyPassword
INFO: [ app_begin ] --START--
INFO: Run Behavior\ReadHtmlCacheBehavior [ RunTime:0.000500s ]
INFO: [ app_begin ] --END-- [ RunTime:0.000928s ]
SQL: SHOW COLUMNS FROM `users` [ RunTime:0.0047s ]
SQL: UPDATE `users` SET `password`='e10adc3949ba59abbe56e057f20f883e' WHERE `student_id` = '2013118106' [ RunTime:0.0742s ]

[ 2016-05-26T22:43:21+08:00 ] ::1 /hstcesys/home/login/check
INFO: [ app_begin ] --START--
INFO: Run Behavior\ReadHtmlCacheBehavior [ RunTime:0.000518s ]
INFO: [ app_begin ] --END-- [ RunTime:0.000994s ]
SQL: SHOW COLUMNS FROM `users` [ RunTime:0.0041s ]
SQL: SELECT * FROM `users` WHERE `student_id` = '2013118106' AND `password` = 'e10adc3949ba59abbe56e057f20f883e' LIMIT 1   [ RunTime:0.0003s ]

[ 2016-05-26T23:50:30+08:00 ] ::1 /hstcesys/home/login/check
INFO: [ app_begin ] --START--
INFO: Run Behavior\ReadHtmlCacheBehavior [ RunTime:0.001244s ]
INFO: [ app_begin ] --END-- [ RunTime:0.001810s ]
SQL: SHOW COLUMNS FROM `users` [ RunTime:0.0060s ]
SQL: SELECT * FROM `users` WHERE `student_id` = '2013118120' AND `password` = '30c8586794579fc0ea93c5b8561460b2' LIMIT 1   [ RunTime:0.0010s ]

[ 2016-05-26T23:51:01+08:00 ] ::1 /hstcesys/home/login/check
INFO: [ app_begin ] --START--
INFO: Run Behavior\ReadHtmlCacheBehavior [ RunTime:0.003322s ]
INFO: [ app_begin ] --END-- [ RunTime:0.004063s ]
SQL: SHOW COLUMNS FROM `users` [ RunTime:0.0063s ]
SQL: SELECT * FROM `users` WHERE `student_id` = '2013181116' AND `password` = '30c8586794579fc0ea93c5b8561460b2' LIMIT 1   [ RunTime:0.0005s ]

[ 2016-05-26T23:51:06+08:00 ] ::1 /hstcesys/home/login/check
INFO: [ app_begin ] --START--
INFO: Run Behavior\ReadHtmlCacheBehavior [ RunTime:0.001695s ]
INFO: [ app_begin ] --END-- [ RunTime:0.002721s ]
SQL: SHOW COLUMNS FROM `users` [ RunTime:0.0081s ]
SQL: SELECT * FROM `users` WHERE `student_id` = '2013181116' AND `password` = 'e10adc3949ba59abbe56e057f20f883e' LIMIT 1   [ RunTime:0.0004s ]

