[ 2016-05-31T10:59:06+08:00 ] ::1 /hstcesys/home/user/checkStudentId.html
INFO: [ app_begin ] --START--
INFO: Run Behavior\ReadHtmlCacheBehavior [ RunTime:0.001102s ]
INFO: [ app_begin ] --END-- [ RunTime:0.001665s ]
SQL: SHOW COLUMNS FROM `users` [ RunTime:0.0572s ]
SQL: SELECT * FROM `users` WHERE `student_id` = '2013118114' LIMIT 1   [ RunTime:0.0006s ]

[ 2016-05-31T10:59:11+08:00 ] ::1 /hstcesys/home/user/checkStudentId.html
INFO: [ app_begin ] --START--
INFO: Run Behavior\ReadHtmlCacheBehavior [ RunTime:0.000596s ]
INFO: [ app_begin ] --END-- [ RunTime:0.001073s ]
SQL: SHOW COLUMNS FROM `users` [ RunTime:0.0125s ]
SQL: SELECT * FROM `users` WHERE `student_id` = '2013118120' LIMIT 1   [ RunTime:0.0004s ]

[ 2016-05-31T10:59:15+08:00 ] ::1 /hstcesys/home/user/checkStudentId.html
INFO: [ app_begin ] --START--
INFO: Run Behavior\ReadHtmlCacheBehavior [ RunTime:0.000493s ]
INFO: [ app_begin ] --END-- [ RunTime:0.000917s ]
SQL: SHOW COLUMNS FROM `users` [ RunTime:0.0044s ]
SQL: SELECT * FROM `users` WHERE `student_id` = '2013118128' LIMIT 1   [ RunTime:0.0003s ]

[ 2016-05-31T11:00:48+08:00 ] ::1 /hstcesys/home/user/checkStudentId.html
INFO: [ app_begin ] --START--
INFO: Run Behavior\ReadHtmlCacheBehavior [ RunTime:0.000739s ]
INFO: [ app_begin ] --END-- [ RunTime:0.001433s ]
SQL: SHOW COLUMNS FROM `users` [ RunTime:0.0063s ]
SQL: SELECT * FROM `users` WHERE `student_id` = '2013118128' LIMIT 1   [ RunTime:0.0005s ]

[ 2016-05-31T11:00:50+08:00 ] ::1 /hstcesys/home/user/checkStudentId.html
INFO: [ app_begin ] --START--
INFO: Run Behavior\ReadHtmlCacheBehavior [ RunTime:0.000680s ]
INFO: [ app_begin ] --END-- [ RunTime:0.001217s ]
SQL: SHOW COLUMNS FROM `users` [ RunTime:0.0046s ]
SQL: SELECT * FROM `users` WHERE `student_id` = '2013118128' LIMIT 1   [ RunTime:0.0003s ]

[ 2016-05-31T11:00:53+08:00 ] ::1 /hstcesys/home/user/checkStudentId.html
INFO: [ app_begin ] --START--
INFO: Run Behavior\ReadHtmlCacheBehavior [ RunTime:0.000615s ]
INFO: [ app_begin ] --END-- [ RunTime:0.001064s ]
SQL: SHOW COLUMNS FROM `users` [ RunTime:0.0101s ]
SQL: SELECT * FROM `users` WHERE `student_id` = '2013118128' LIMIT 1   [ RunTime:0.0003s ]

[ 2016-05-31T11:00:54+08:00 ] ::1 /hstcesys/home/user/checkStudentId.html
INFO: [ app_begin ] --START--
INFO: Run Behavior\ReadHtmlCacheBehavior [ RunTime:0.000894s ]
INFO: [ app_begin ] --END-- [ RunTime:0.001920s ]
SQL: SHOW COLUMNS FROM `users` [ RunTime:0.0111s ]
SQL: SELECT * FROM `users` WHERE `student_id` = '2013118122' LIMIT 1   [ RunTime:0.0004s ]

[ 2016-05-31T11:01:12+08:00 ] ::1 /hstcesys/home/Public/check_verify
INFO: [ app_begin ] --START--
INFO: Run Behavior\ReadHtmlCacheBehavior [ RunTime:0.000751s ]
INFO: [ app_begin ] --END-- [ RunTime:0.001463s ]

[ 2016-05-31T11:05:13+08:00 ] ::1 /hstcesys/home/user/checkStudentId.html
INFO: [ app_begin ] --START--
INFO: Run Behavior\ReadHtmlCacheBehavior [ RunTime:0.000730s ]
INFO: [ app_begin ] --END-- [ RunTime:0.001277s ]
SQL: SHOW COLUMNS FROM `users` [ RunTime:0.0043s ]
SQL: SELECT * FROM `users` WHERE `student_id` = '2013118101' LIMIT 1   [ RunTime:0.0003s ]

[ 2016-05-31T11:05:13+08:00 ] ::1 /hstcesys/home/user/checkStudentId.html
INFO: [ app_begin ] --START--
INFO: Run Behavior\ReadHtmlCacheBehavior [ RunTime:0.000744s ]
INFO: [ app_begin ] --END-- [ RunTime:0.001483s ]
SQL: SHOW COLUMNS FROM `users` [ RunTime:0.0043s ]
SQL: SELECT * FROM `users` WHERE `student_id` = '2013118101' LIMIT 1   [ RunTime:0.0003s ]

[ 2016-05-31T11:05:15+08:00 ] ::1 /hstcesys/home/user/checkStudentId.html
INFO: [ app_begin ] --START--
INFO: Run Behavior\ReadHtmlCacheBehavior [ RunTime:0.000559s ]
INFO: [ app_begin ] --END-- [ RunTime:0.001027s ]
SQL: SHOW COLUMNS FROM `users` [ RunTime:0.0047s ]
SQL: SELECT * FROM `users` WHERE `student_id` = '2013118102' LIMIT 1   [ RunTime:0.0003s ]

[ 2016-05-31T11:05:29+08:00 ] ::1 /hstcesys/home/Public/check_verify
INFO: [ app_begin ] --START--
INFO: Run Behavior\ReadHtmlCacheBehavior [ RunTime:0.000855s ]
INFO: [ app_begin ] --END-- [ RunTime:0.001576s ]

[ 2016-05-31T11:33:14+08:00 ] ::1 /hstcesys/home/user/checkStudentId.html
INFO: [ app_begin ] --START--
INFO: Run Behavior\ReadHtmlCacheBehavior [ RunTime:0.000663s ]
INFO: [ app_begin ] --END-- [ RunTime:0.001160s ]
SQL: SHOW COLUMNS FROM `users` [ RunTime:0.0046s ]
SQL: SELECT * FROM `users` WHERE `student_id` = '2013118105' LIMIT 1   [ RunTime:0.0003s ]

[ 2016-05-31T11:33:23+08:00 ] ::1 /hstcesys/home/user/checkStudentId.html
INFO: [ app_begin ] --START--
INFO: Run Behavior\ReadHtmlCacheBehavior [ RunTime:0.000556s ]
INFO: [ app_begin ] --END-- [ RunTime:0.001073s ]
SQL: SHOW COLUMNS FROM `users` [ RunTime:0.0106s ]
SQL: SELECT * FROM `users` WHERE `student_id` = '2013118110' LIMIT 1   [ RunTime:0.0003s ]

[ 2016-05-31T11:34:05+08:00 ] ::1 /hstcesys/home/user/checkStudentId.html
INFO: [ app_begin ] --START--
INFO: Run Behavior\ReadHtmlCacheBehavior [ RunTime:0.000776s ]
INFO: [ app_begin ] --END-- [ RunTime:0.001631s ]
SQL: SHOW COLUMNS FROM `users` [ RunTime:0.0062s ]
SQL: SELECT * FROM `users` WHERE `student_id` = '2013118130' LIMIT 1   [ RunTime:0.0004s ]

[ 2016-05-31T11:34:18+08:00 ] ::1 /hstcesys/home/Public/check_verify
INFO: [ app_begin ] --START--
INFO: Run Behavior\ReadHtmlCacheBehavior [ RunTime:0.000702s ]
INFO: [ app_begin ] --END-- [ RunTime:0.001402s ]

[ 2016-05-31T11:36:03+08:00 ] ::1 /hstcesys/home/user/checkStudentId.html
INFO: [ app_begin ] --START--
INFO: Run Behavior\ReadHtmlCacheBehavior [ RunTime:0.000735s ]
INFO: [ app_begin ] --END-- [ RunTime:0.001244s ]
SQL: SHOW COLUMNS FROM `users` [ RunTime:0.0106s ]
SQL: SELECT * FROM `users` WHERE `student_id` = '2013118150' LIMIT 1   [ RunTime:0.0003s ]

[ 2016-05-31T11:36:14+08:00 ] ::1 /hstcesys/home/Public/check_verify
INFO: [ app_begin ] --START--
INFO: Run Behavior\ReadHtmlCacheBehavior [ RunTime:0.000579s ]
INFO: [ app_begin ] --END-- [ RunTime:0.001221s ]

[ 2016-05-31T11:36:30+08:00 ] ::1 /hstcesys/home/user/checkStudentId.html
INFO: [ app_begin ] --START--
INFO: Run Behavior\ReadHtmlCacheBehavior [ RunTime:0.000496s ]
INFO: [ app_begin ] --END-- [ RunTime:0.000948s ]
SQL: SHOW COLUMNS FROM `users` [ RunTime:0.0101s ]
SQL: SELECT * FROM `users` WHERE `student_id` = '2013118131' LIMIT 1   [ RunTime:0.0003s ]

[ 2016-05-31T11:36:47+08:00 ] ::1 /hstcesys/home/Public/check_verify
INFO: [ app_begin ] --START--
INFO: Run Behavior\ReadHtmlCacheBehavior [ RunTime:0.001936s ]
INFO: [ app_begin ] --END-- [ RunTime:0.002887s ]

[ 2016-05-31T11:36:57+08:00 ] ::1 /hstcesys/home/Public/check_verify
INFO: [ app_begin ] --START--
INFO: Run Behavior\ReadHtmlCacheBehavior [ RunTime:0.002085s ]
INFO: [ app_begin ] --END-- [ RunTime:0.003061s ]

[ 2016-05-31T11:37:06+08:00 ] ::1 /hstcesys/home/Public/check_verify
INFO: [ app_begin ] --START--
INFO: Run Behavior\ReadHtmlCacheBehavior [ RunTime:0.000799s ]
INFO: [ app_begin ] --END-- [ RunTime:0.001563s ]

[ 2016-05-31T11:37:18+08:00 ] ::1 /hstcesys/home/Public/check_verify
INFO: [ app_begin ] --START--
INFO: Run Behavior\ReadHtmlCacheBehavior [ RunTime:0.000928s ]
INFO: [ app_begin ] --END-- [ RunTime:0.001815s ]

[ 2016-05-31T11:37:26+08:00 ] ::1 /hstcesys/home/Public/check_verify
INFO: [ app_begin ] --START--
INFO: Run Behavior\ReadHtmlCacheBehavior [ RunTime:0.001275s ]
INFO: [ app_begin ] --END-- [ RunTime:0.002245s ]

[ 2016-05-31T11:37:33+08:00 ] ::1 /hstcesys/home/Public/check_verify
INFO: [ app_begin ] --START--
INFO: Run Behavior\ReadHtmlCacheBehavior [ RunTime:0.001063s ]
INFO: [ app_begin ] --END-- [ RunTime:0.002038s ]

[ 2016-05-31T11:37:45+08:00 ] ::1 /hstcesys/home/Public/check_verify
INFO: [ app_begin ] --START--
INFO: Run Behavior\ReadHtmlCacheBehavior [ RunTime:0.000600s ]
INFO: [ app_begin ] --END-- [ RunTime:0.001237s ]

[ 2016-05-31T11:37:57+08:00 ] ::1 /hstcesys/home/Public/check_verify
INFO: [ app_begin ] --START--
INFO: Run Behavior\ReadHtmlCacheBehavior [ RunTime:0.000854s ]
INFO: [ app_begin ] --END-- [ RunTime:0.001586s ]

[ 2016-05-31T11:38:13+08:00 ] ::1 /hstcesys/home/Public/check_verify
INFO: [ app_begin ] --START--
INFO: Run Behavior\ReadHtmlCacheBehavior [ RunTime:0.001338s ]
INFO: [ app_begin ] --END-- [ RunTime:0.002107s ]

[ 2016-05-31T11:39:11+08:00 ] ::1 /hstcesys/home/user/checkStudentId.html
INFO: [ app_begin ] --START--
INFO: Run Behavior\ReadHtmlCacheBehavior [ RunTime:0.000486s ]
INFO: [ app_begin ] --END-- [ RunTime:0.000925s ]
SQL: SHOW COLUMNS FROM `users` [ RunTime:0.0078s ]
SQL: SELECT * FROM `users` WHERE `student_id` = '2013131311' LIMIT 1   [ RunTime:0.0003s ]

[ 2016-05-31T11:39:40+08:00 ] ::1 /hstcesys/home/Public/check_verify
INFO: [ app_begin ] --START--
INFO: Run Behavior\ReadHtmlCacheBehavior [ RunTime:0.000822s ]
INFO: [ app_begin ] --END-- [ RunTime:0.001511s ]

[ 2016-05-31T11:40:02+08:00 ] ::1 /hstcesys/home/Public/check_verify
INFO: [ app_begin ] --START--
INFO: Run Behavior\ReadHtmlCacheBehavior [ RunTime:0.000796s ]
INFO: [ app_begin ] --END-- [ RunTime:0.001462s ]

[ 2016-05-31T11:42:58+08:00 ] ::1 /hstcesys/home/user/checkStudentId.html
INFO: [ app_begin ] --START--
INFO: Run Behavior\ReadHtmlCacheBehavior [ RunTime:0.000506s ]
INFO: [ app_begin ] --END-- [ RunTime:0.000939s ]
SQL: SHOW COLUMNS FROM `users` [ RunTime:0.0101s ]
SQL: SELECT * FROM `users` WHERE `student_id` = '2013181116' LIMIT 1   [ RunTime:0.0004s ]

[ 2016-05-31T11:42:59+08:00 ] ::1 /hstcesys/home/user/checkStudentId.html
INFO: [ app_begin ] --START--
INFO: Run Behavior\ReadHtmlCacheBehavior [ RunTime:0.000502s ]
INFO: [ app_begin ] --END-- [ RunTime:0.000947s ]
SQL: SHOW COLUMNS FROM `users` [ RunTime:0.0044s ]
SQL: SELECT * FROM `users` WHERE `student_id` = '2013181117' LIMIT 1   [ RunTime:0.0003s ]

[ 2016-05-31T11:43:19+08:00 ] ::1 /hstcesys/home/Public/check_verify
INFO: [ app_begin ] --START--
INFO: Run Behavior\ReadHtmlCacheBehavior [ RunTime:0.000829s ]
INFO: [ app_begin ] --END-- [ RunTime:0.002101s ]

[ 2016-05-31T11:43:29+08:00 ] ::1 /hstcesys/home/login/check
INFO: [ app_begin ] --START--
INFO: Run Behavior\ReadHtmlCacheBehavior [ RunTime:0.000538s ]
INFO: [ app_begin ] --END-- [ RunTime:0.000986s ]
SQL: SHOW COLUMNS FROM `users` [ RunTime:0.0048s ]
SQL: SELECT * FROM `users` WHERE `student_id` = '2013181117' AND `password` = '30c8586794579fc0ea93c5b8561460b2' LIMIT 1   [ RunTime:0.0006s ]

[ 2016-05-31T11:56:37+08:00 ] ::1 /hstcesys/home/user/checkStudentId.html
INFO: [ app_begin ] --START--
INFO: Run Behavior\ReadHtmlCacheBehavior [ RunTime:0.001700s ]
INFO: [ app_begin ] --END-- [ RunTime:0.002533s ]
SQL: SHOW COLUMNS FROM `users` [ RunTime:0.0101s ]
SQL: SELECT * FROM `users` WHERE `student_id` = '2013118151' LIMIT 1   [ RunTime:0.0003s ]

[ 2016-05-31T11:56:41+08:00 ] ::1 /hstcesys/home/Public/check_verify
INFO: [ app_begin ] --START--
INFO: Run Behavior\ReadHtmlCacheBehavior [ RunTime:0.000849s ]
INFO: [ app_begin ] --END-- [ RunTime:0.001551s ]

[ 2016-05-31T12:05:25+08:00 ] ::1 /hstcesys/home/user/checkStudentId.html
INFO: [ app_begin ] --START--
INFO: Run Behavior\ReadHtmlCacheBehavior [ RunTime:0.000776s ]
INFO: [ app_begin ] --END-- [ RunTime:0.001380s ]
SQL: SHOW COLUMNS FROM `users` [ RunTime:0.0043s ]
SQL: SELECT * FROM `users` WHERE `student_id` = '2013113121' LIMIT 1   [ RunTime:0.0003s ]

[ 2016-05-31T12:05:28+08:00 ] ::1 /hstcesys/home/user/checkStudentId.html
INFO: [ app_begin ] --START--
INFO: Run Behavior\ReadHtmlCacheBehavior [ RunTime:0.000534s ]
INFO: [ app_begin ] --END-- [ RunTime:0.001011s ]
SQL: SHOW COLUMNS FROM `users` [ RunTime:0.0047s ]
SQL: SELECT * FROM `users` WHERE `student_id` = '2013113121' LIMIT 1   [ RunTime:0.0003s ]

[ 2016-05-31T12:05:50+08:00 ] ::1 /hstcesys/home/Public/check_verify
INFO: [ app_begin ] --START--
INFO: Run Behavior\ReadHtmlCacheBehavior [ RunTime:0.000795s ]
INFO: [ app_begin ] --END-- [ RunTime:0.001909s ]

[ 2016-05-31T12:06:32+08:00 ] ::1 /hstcesys/home/user/checkStudentId.html
INFO: [ app_begin ] --START--
INFO: Run Behavior\ReadHtmlCacheBehavior [ RunTime:0.000802s ]
INFO: [ app_begin ] --END-- [ RunTime:0.001312s ]
SQL: SHOW COLUMNS FROM `users` [ RunTime:0.0107s ]
SQL: SELECT * FROM `users` WHERE `student_id` = '2013118120' LIMIT 1   [ RunTime:0.0003s ]

[ 2016-05-31T12:06:33+08:00 ] ::1 /hstcesys/home/user/checkStudentId.html
INFO: [ app_begin ] --START--
INFO: Run Behavior\ReadHtmlCacheBehavior [ RunTime:0.000510s ]
INFO: [ app_begin ] --END-- [ RunTime:0.001049s ]
SQL: SHOW COLUMNS FROM `users` [ RunTime:0.0066s ]
SQL: SELECT * FROM `users` WHERE `student_id` = '2013118120' LIMIT 1   [ RunTime:0.0004s ]

[ 2016-05-31T12:06:35+08:00 ] ::1 /hstcesys/home/user/checkStudentId.html
INFO: [ app_begin ] --START--
INFO: Run Behavior\ReadHtmlCacheBehavior [ RunTime:0.000515s ]
INFO: [ app_begin ] --END-- [ RunTime:0.001022s ]
SQL: SHOW COLUMNS FROM `users` [ RunTime:0.0050s ]
SQL: SELECT * FROM `users` WHERE `student_id` = '2013118124' LIMIT 1   [ RunTime:0.0003s ]

[ 2016-05-31T12:06:52+08:00 ] ::1 /hstcesys/home/Public/check_verify
INFO: [ app_begin ] --START--
INFO: Run Behavior\ReadHtmlCacheBehavior [ RunTime:0.000904s ]
INFO: [ app_begin ] --END-- [ RunTime:0.001780s ]

[ 2016-05-31T12:06:58+08:00 ] ::1 /hstcesys/home/Public/check_verify
INFO: [ app_begin ] --START--
INFO: Run Behavior\ReadHtmlCacheBehavior [ RunTime:0.000859s ]
INFO: [ app_begin ] --END-- [ RunTime:0.001830s ]

[ 2016-05-31T12:07:23+08:00 ] ::1 /hstcesys/home/Public/check_verify
INFO: [ app_begin ] --START--
INFO: Run Behavior\ReadHtmlCacheBehavior [ RunTime:0.001171s ]
INFO: [ app_begin ] --END-- [ RunTime:0.002322s ]

[ 2016-05-31T12:08:53+08:00 ] ::1 /hstcesys/home/user/checkStudentId.html
INFO: [ app_begin ] --START--
INFO: Run Behavior\ReadHtmlCacheBehavior [ RunTime:0.000784s ]
INFO: [ app_begin ] --END-- [ RunTime:0.001721s ]
SQL: SHOW COLUMNS FROM `users` [ RunTime:0.0082s ]
SQL: SELECT * FROM `users` WHERE `student_id` = '2013118120' LIMIT 1   [ RunTime:0.0003s ]

[ 2016-05-31T12:08:55+08:00 ] ::1 /hstcesys/home/user/checkStudentId.html
INFO: [ app_begin ] --START--
INFO: Run Behavior\ReadHtmlCacheBehavior [ RunTime:0.000510s ]
INFO: [ app_begin ] --END-- [ RunTime:0.001079s ]
SQL: SHOW COLUMNS FROM `users` [ RunTime:0.0065s ]
SQL: SELECT * FROM `users` WHERE `student_id` = '2013118121' LIMIT 1   [ RunTime:0.0004s ]

[ 2016-05-31T12:09:08+08:00 ] ::1 /hstcesys/home/Public/check_verify
INFO: [ app_begin ] --START--
INFO: Run Behavior\ReadHtmlCacheBehavior [ RunTime:0.000788s ]
INFO: [ app_begin ] --END-- [ RunTime:0.001617s ]

[ 2016-05-31T12:10:21+08:00 ] ::1 /hstcesys/home/user/checkStudentId.html
INFO: [ app_begin ] --START--
INFO: Run Behavior\ReadHtmlCacheBehavior [ RunTime:0.000507s ]
INFO: [ app_begin ] --END-- [ RunTime:0.000988s ]
SQL: SHOW COLUMNS FROM `users` [ RunTime:0.0047s ]
SQL: SELECT * FROM `users` WHERE `student_id` = '2013118122' LIMIT 1   [ RunTime:0.0003s ]

[ 2016-05-31T12:10:22+08:00 ] ::1 /hstcesys/home/user/checkStudentId.html
INFO: [ app_begin ] --START--
INFO: Run Behavior\ReadHtmlCacheBehavior [ RunTime:0.000518s ]
INFO: [ app_begin ] --END-- [ RunTime:0.001068s ]
SQL: SHOW COLUMNS FROM `users` [ RunTime:0.0049s ]
SQL: SELECT * FROM `users` WHERE `student_id` = '2013118122' LIMIT 1   [ RunTime:0.0003s ]

[ 2016-05-31T12:10:26+08:00 ] ::1 /hstcesys/home/user/checkStudentId.html
INFO: [ app_begin ] --START--
INFO: Run Behavior\ReadHtmlCacheBehavior [ RunTime:0.000696s ]
INFO: [ app_begin ] --END-- [ RunTime:0.001541s ]
SQL: SHOW COLUMNS FROM `users` [ RunTime:0.0051s ]
SQL: SELECT * FROM `users` WHERE `student_id` = '2013118123' LIMIT 1   [ RunTime:0.0003s ]

[ 2016-05-31T12:10:38+08:00 ] ::1 /hstcesys/home/Public/check_verify
INFO: [ app_begin ] --START--
INFO: Run Behavior\ReadHtmlCacheBehavior [ RunTime:0.000591s ]
INFO: [ app_begin ] --END-- [ RunTime:0.001143s ]

[ 2016-05-31T12:10:49+08:00 ] ::1 /hstcesys/home/Public/check_verify
INFO: [ app_begin ] --START--
INFO: Run Behavior\ReadHtmlCacheBehavior [ RunTime:0.000828s ]
INFO: [ app_begin ] --END-- [ RunTime:0.001505s ]

[ 2016-05-31T12:13:52+08:00 ] ::1 /hstcesys/home/user/checkStudentId.html
INFO: [ app_begin ] --START--
INFO: Run Behavior\ReadHtmlCacheBehavior [ RunTime:0.000594s ]
INFO: [ app_begin ] --END-- [ RunTime:0.001820s ]
SQL: SHOW COLUMNS FROM `users` [ RunTime:0.0108s ]
SQL: SELECT * FROM `users` WHERE `student_id` = '2013118123' LIMIT 1   [ RunTime:0.0004s ]

[ 2016-05-31T12:14:04+08:00 ] ::1 /hstcesys/home/Public/check_verify
INFO: [ app_begin ] --START--
INFO: Run Behavior\ReadHtmlCacheBehavior [ RunTime:0.001633s ]
INFO: [ app_begin ] --END-- [ RunTime:0.002605s ]

[ 2016-05-31T12:15:05+08:00 ] ::1 /hstcesys/home/user/checkStudentId.html
INFO: [ app_begin ] --START--
INFO: Run Behavior\ReadHtmlCacheBehavior [ RunTime:0.000518s ]
INFO: [ app_begin ] --END-- [ RunTime:0.001054s ]
SQL: SHOW COLUMNS FROM `users` [ RunTime:0.0049s ]
SQL: SELECT * FROM `users` WHERE `student_id` = '2013118126' LIMIT 1   [ RunTime:0.0003s ]

[ 2016-05-31T12:15:16+08:00 ] ::1 /hstcesys/home/Public/check_verify
INFO: [ app_begin ] --START--
INFO: Run Behavior\ReadHtmlCacheBehavior [ RunTime:0.001731s ]
INFO: [ app_begin ] --END-- [ RunTime:0.002949s ]

[ 2016-05-31T12:15:47+08:00 ] ::1 /hstcesys/home/user/checkStudentId.html
INFO: [ app_begin ] --START--
INFO: Run Behavior\ReadHtmlCacheBehavior [ RunTime:0.001083s ]
INFO: [ app_begin ] --END-- [ RunTime:0.002022s ]
SQL: SHOW COLUMNS FROM `users` [ RunTime:0.0066s ]
SQL: SELECT * FROM `users` WHERE `student_id` = '2013118123' LIMIT 1   [ RunTime:0.0003s ]

[ 2016-05-31T12:15:49+08:00 ] ::1 /hstcesys/home/user/checkStudentId.html
INFO: [ app_begin ] --START--
INFO: Run Behavior\ReadHtmlCacheBehavior [ RunTime:0.000613s ]
INFO: [ app_begin ] --END-- [ RunTime:0.001221s ]
SQL: SHOW COLUMNS FROM `users` [ RunTime:0.0053s ]
SQL: SELECT * FROM `users` WHERE `student_id` = '2013118124' LIMIT 1   [ RunTime:0.0004s ]

[ 2016-05-31T12:15:57+08:00 ] ::1 /hstcesys/home/Public/check_verify
INFO: [ app_begin ] --START--
INFO: Run Behavior\ReadHtmlCacheBehavior [ RunTime:0.000515s ]
INFO: [ app_begin ] --END-- [ RunTime:0.001145s ]

[ 2016-05-31T12:16:00+08:00 ] ::1 /hstcesys/home/Public/check_verify
INFO: [ app_begin ] --START--
INFO: Run Behavior\ReadHtmlCacheBehavior [ RunTime:0.000975s ]
INFO: [ app_begin ] --END-- [ RunTime:0.001956s ]

[ 2016-05-31T12:16:00+08:00 ] ::1 /hstcesys/home/Public/check_verify
INFO: [ app_begin ] --START--
INFO: Run Behavior\ReadHtmlCacheBehavior [ RunTime:0.000772s ]
INFO: [ app_begin ] --END-- [ RunTime:0.001578s ]

[ 2016-05-31T12:16:06+08:00 ] ::1 /hstcesys/home/Public/check_verify
INFO: [ app_begin ] --START--
INFO: Run Behavior\ReadHtmlCacheBehavior [ RunTime:0.000530s ]
INFO: [ app_begin ] --END-- [ RunTime:0.001037s ]

[ 2016-05-31T12:20:37+08:00 ] ::1 /hstcesys/home/user/checkStudentId.html
INFO: [ app_begin ] --START--
INFO: Run Behavior\ReadHtmlCacheBehavior [ RunTime:0.001516s ]
INFO: [ app_begin ] --END-- [ RunTime:0.004066s ]
SQL: SHOW COLUMNS FROM `users` [ RunTime:0.0108s ]
SQL: SELECT * FROM `users` WHERE `student_id` = '2013118125' LIMIT 1   [ RunTime:0.0003s ]

[ 2016-05-31T12:20:54+08:00 ] ::1 /hstcesys/home/Public/check_verify
INFO: [ app_begin ] --START--
INFO: Run Behavior\ReadHtmlCacheBehavior [ RunTime:0.000491s ]
INFO: [ app_begin ] --END-- [ RunTime:0.001001s ]

[ 2016-05-31T12:21:14+08:00 ] ::1 /hstcesys/home/Public/check_verify
INFO: [ app_begin ] --START--
INFO: Run Behavior\ReadHtmlCacheBehavior [ RunTime:0.000957s ]
INFO: [ app_begin ] --END-- [ RunTime:0.001917s ]

[ 2016-05-31T12:21:23+08:00 ] ::1 /hstcesys/home/Public/check_verify
INFO: [ app_begin ] --START--
INFO: Run Behavior\ReadHtmlCacheBehavior [ RunTime:0.000499s ]
INFO: [ app_begin ] --END-- [ RunTime:0.001098s ]

[ 2016-05-31T12:21:23+08:00 ] ::1 /hstcesys/home/Public/check_verify
INFO: [ app_begin ] --START--
INFO: Run Behavior\ReadHtmlCacheBehavior [ RunTime:0.000830s ]
INFO: [ app_begin ] --END-- [ RunTime:0.001716s ]

[ 2016-05-31T12:22:03+08:00 ] ::1 /hstcesys/home/user/checkStudentId.html
INFO: [ app_begin ] --START--
INFO: Run Behavior\ReadHtmlCacheBehavior [ RunTime:0.000495s ]
INFO: [ app_begin ] --END-- [ RunTime:0.001013s ]
SQL: SHOW COLUMNS FROM `users` [ RunTime:0.0106s ]
SQL: SELECT * FROM `users` WHERE `student_id` = '2013118126' LIMIT 1   [ RunTime:0.0003s ]

[ 2016-05-31T12:22:06+08:00 ] ::1 /hstcesys/home/user/checkStudentId.html
INFO: [ app_begin ] --START--
INFO: Run Behavior\ReadHtmlCacheBehavior [ RunTime:0.000490s ]
INFO: [ app_begin ] --END-- [ RunTime:0.001030s ]
SQL: SHOW COLUMNS FROM `users` [ RunTime:0.0045s ]
SQL: SELECT * FROM `users` WHERE `student_id` = '2013118128' LIMIT 1   [ RunTime:0.0004s ]

[ 2016-05-31T12:22:10+08:00 ] ::1 /hstcesys/home/user/checkStudentId.html
INFO: [ app_begin ] --START--
INFO: Run Behavior\ReadHtmlCacheBehavior [ RunTime:0.000498s ]
INFO: [ app_begin ] --END-- [ RunTime:0.001028s ]
SQL: SHOW COLUMNS FROM `users` [ RunTime:0.0051s ]
SQL: SELECT * FROM `users` WHERE `student_id` = '2013118123' LIMIT 1   [ RunTime:0.0004s ]

[ 2016-05-31T12:22:12+08:00 ] ::1 /hstcesys/home/user/checkStudentId.html
INFO: [ app_begin ] --START--
INFO: Run Behavior\ReadHtmlCacheBehavior [ RunTime:0.000492s ]
INFO: [ app_begin ] --END-- [ RunTime:0.001072s ]
SQL: SHOW COLUMNS FROM `users` [ RunTime:0.0053s ]
SQL: SELECT * FROM `users` WHERE `student_id` = '2013118123' LIMIT 1   [ RunTime:0.0003s ]

[ 2016-05-31T12:22:15+08:00 ] ::1 /hstcesys/home/user/checkStudentId.html
INFO: [ app_begin ] --START--
INFO: Run Behavior\ReadHtmlCacheBehavior [ RunTime:0.000610s ]
INFO: [ app_begin ] --END-- [ RunTime:0.001387s ]
SQL: SHOW COLUMNS FROM `users` [ RunTime:0.0047s ]
SQL: SELECT * FROM `users` WHERE `student_id` = '2013118130' LIMIT 1   [ RunTime:0.0003s ]

[ 2016-05-31T12:22:29+08:00 ] ::1 /hstcesys/home/Public/check_verify
INFO: [ app_begin ] --START--
INFO: Run Behavior\ReadHtmlCacheBehavior [ RunTime:0.001452s ]
INFO: [ app_begin ] --END-- [ RunTime:0.002394s ]

[ 2016-05-31T12:22:44+08:00 ] ::1 /hstcesys/home/Public/check_verify
INFO: [ app_begin ] --START--
INFO: Run Behavior\ReadHtmlCacheBehavior [ RunTime:0.001008s ]
INFO: [ app_begin ] --END-- [ RunTime:0.001810s ]

[ 2016-05-31T12:25:10+08:00 ] ::1 /hstcesys/home/Public/check_verify
INFO: [ app_begin ] --START--
INFO: Run Behavior\ReadHtmlCacheBehavior [ RunTime:0.000815s ]
INFO: [ app_begin ] --END-- [ RunTime:0.001926s ]

[ 2016-05-31T12:25:14+08:00 ] ::1 /hstcesys/home/Public/check_verify
INFO: [ app_begin ] --START--
INFO: Run Behavior\ReadHtmlCacheBehavior [ RunTime:0.000496s ]
INFO: [ app_begin ] --END-- [ RunTime:0.001015s ]

[ 2016-05-31T12:25:30+08:00 ] ::1 /hstcesys/home/Public/check_verify
INFO: [ app_begin ] --START--
INFO: Run Behavior\ReadHtmlCacheBehavior [ RunTime:0.000498s ]
INFO: [ app_begin ] --END-- [ RunTime:0.001019s ]

[ 2016-05-31T12:25:41+08:00 ] ::1 /hstcesys/home/Public/check_verify
INFO: [ app_begin ] --START--
INFO: Run Behavior\ReadHtmlCacheBehavior [ RunTime:0.000501s ]
INFO: [ app_begin ] --END-- [ RunTime:0.001021s ]

[ 2016-05-31T12:26:08+08:00 ] ::1 /hstcesys/home/Public/check_verify
INFO: [ app_begin ] --START--
INFO: Run Behavior\ReadHtmlCacheBehavior [ RunTime:0.000500s ]
INFO: [ app_begin ] --END-- [ RunTime:0.001110s ]

[ 2016-05-31T12:26:30+08:00 ] ::1 /hstcesys/home/Public/check_verify
INFO: [ app_begin ] --START--
INFO: Run Behavior\ReadHtmlCacheBehavior [ RunTime:0.001322s ]
INFO: [ app_begin ] --END-- [ RunTime:0.002663s ]

[ 2016-05-31T12:26:53+08:00 ] ::1 /hstcesys/home/Public/check_verify
INFO: [ app_begin ] --START--
INFO: Run Behavior\ReadHtmlCacheBehavior [ RunTime:0.000736s ]
INFO: [ app_begin ] --END-- [ RunTime:0.001239s ]

[ 2016-05-31T12:27:02+08:00 ] ::1 /hstcesys/home/Public/check_verify
INFO: [ app_begin ] --START--
INFO: Run Behavior\ReadHtmlCacheBehavior [ RunTime:0.000574s ]
INFO: [ app_begin ] --END-- [ RunTime:0.001136s ]

[ 2016-05-31T12:27:41+08:00 ] ::1 /hstcesys/home/user/checkStudentId.html
INFO: [ app_begin ] --START--
INFO: Run Behavior\ReadHtmlCacheBehavior [ RunTime:0.000689s ]
INFO: [ app_begin ] --END-- [ RunTime:0.001464s ]
SQL: SHOW COLUMNS FROM `users` [ RunTime:0.0047s ]
SQL: SELECT * FROM `users` WHERE `student_id` = '2013118121' LIMIT 1   [ RunTime:0.0003s ]

[ 2016-05-31T12:27:42+08:00 ] ::1 /hstcesys/home/user/checkStudentId.html
INFO: [ app_begin ] --START--
INFO: Run Behavior\ReadHtmlCacheBehavior [ RunTime:0.000541s ]
INFO: [ app_begin ] --END-- [ RunTime:0.001149s ]
SQL: SHOW COLUMNS FROM `users` [ RunTime:0.0065s ]
SQL: SELECT * FROM `users` WHERE `student_id` = '2013118121' LIMIT 1   [ RunTime:0.0003s ]

[ 2016-05-31T12:27:45+08:00 ] ::1 /hstcesys/home/user/checkStudentId.html
INFO: [ app_begin ] --START--
INFO: Run Behavior\ReadHtmlCacheBehavior [ RunTime:0.001004s ]
INFO: [ app_begin ] --END-- [ RunTime:0.002013s ]
SQL: SHOW COLUMNS FROM `users` [ RunTime:0.0108s ]
SQL: SELECT * FROM `users` WHERE `student_id` = '2013118196' LIMIT 1   [ RunTime:0.0003s ]

[ 2016-05-31T12:27:58+08:00 ] ::1 /hstcesys/home/Public/check_verify
INFO: [ app_begin ] --START--
INFO: Run Behavior\ReadHtmlCacheBehavior [ RunTime:0.000827s ]
INFO: [ app_begin ] --END-- [ RunTime:0.002054s ]

[ 2016-05-31T12:28:17+08:00 ] ::1 /hstcesys/home/Public/check_verify
INFO: [ app_begin ] --START--
INFO: Run Behavior\ReadHtmlCacheBehavior [ RunTime:0.001047s ]
INFO: [ app_begin ] --END-- [ RunTime:0.002513s ]

[ 2016-05-31T12:28:17+08:00 ] ::1 /hstcesys/home/Public/check_verify
INFO: [ app_begin ] --START--
INFO: Run Behavior\ReadHtmlCacheBehavior [ RunTime:0.000855s ]
INFO: [ app_begin ] --END-- [ RunTime:0.001637s ]

[ 2016-05-31T12:28:53+08:00 ] ::1 /hstcesys/home/user/checkStudentId.html
INFO: [ app_begin ] --START--
INFO: Run Behavior\ReadHtmlCacheBehavior [ RunTime:0.000867s ]
INFO: [ app_begin ] --END-- [ RunTime:0.001687s ]
SQL: SHOW COLUMNS FROM `users` [ RunTime:0.0047s ]
SQL: SELECT * FROM `users` WHERE `student_id` = '2013151212' LIMIT 1   [ RunTime:0.0003s ]

[ 2016-05-31T12:28:53+08:00 ] ::1 /hstcesys/home/user/checkStudentId.html
INFO: [ app_begin ] --START--
INFO: Run Behavior\ReadHtmlCacheBehavior [ RunTime:0.001023s ]
INFO: [ app_begin ] --END-- [ RunTime:0.002710s ]
SQL: SHOW COLUMNS FROM `users` [ RunTime:0.0046s ]
SQL: SELECT * FROM `users` WHERE `student_id` = '2013151212' LIMIT 1   [ RunTime:0.0003s ]

[ 2016-05-31T12:29:06+08:00 ] ::1 /hstcesys/home/Public/check_verify
INFO: [ app_begin ] --START--
INFO: Run Behavior\ReadHtmlCacheBehavior [ RunTime:0.001802s ]
INFO: [ app_begin ] --END-- [ RunTime:0.003237s ]

[ 2016-05-31T12:29:15+08:00 ] ::1 /hstcesys/home/Public/check_verify
INFO: [ app_begin ] --START--
INFO: Run Behavior\ReadHtmlCacheBehavior [ RunTime:0.000532s ]
INFO: [ app_begin ] --END-- [ RunTime:0.001413s ]

[ 2016-05-31T12:29:15+08:00 ] ::1 /hstcesys/home/Public/check_verify
INFO: [ app_begin ] --START--
INFO: Run Behavior\ReadHtmlCacheBehavior [ RunTime:0.000848s ]
INFO: [ app_begin ] --END-- [ RunTime:0.001768s ]

[ 2016-05-31T12:29:33+08:00 ] ::1 /hstcesys/home/user/checkStudentId.html
INFO: [ app_begin ] --START--
INFO: Run Behavior\ReadHtmlCacheBehavior [ RunTime:0.000570s ]
INFO: [ app_begin ] --END-- [ RunTime:0.001338s ]
SQL: SHOW COLUMNS FROM `users` [ RunTime:0.0127s ]
SQL: SELECT * FROM `users` WHERE `student_id` = '2013112111' LIMIT 1   [ RunTime:0.0004s ]

[ 2016-05-31T12:29:33+08:00 ] ::1 /hstcesys/home/user/checkStudentId.html
INFO: [ app_begin ] --START--
INFO: Run Behavior\ReadHtmlCacheBehavior [ RunTime:0.000876s ]
INFO: [ app_begin ] --END-- [ RunTime:0.001781s ]
SQL: SHOW COLUMNS FROM `users` [ RunTime:0.0043s ]
SQL: SELECT * FROM `users` WHERE `student_id` = '2013112111' LIMIT 1   [ RunTime:0.0003s ]

[ 2016-05-31T12:29:36+08:00 ] ::1 /hstcesys/home/user/checkStudentId.html
INFO: [ app_begin ] --START--
INFO: Run Behavior\ReadHtmlCacheBehavior [ RunTime:0.000766s ]
INFO: [ app_begin ] --END-- [ RunTime:0.001433s ]
SQL: SHOW COLUMNS FROM `users` [ RunTime:0.0050s ]
SQL: SELECT * FROM `users` WHERE `student_id` = '2013112111' LIMIT 1   [ RunTime:0.0006s ]

[ 2016-05-31T12:29:50+08:00 ] ::1 /hstcesys/home/Public/check_verify
INFO: [ app_begin ] --START--
INFO: Run Behavior\ReadHtmlCacheBehavior [ RunTime:0.001322s ]
INFO: [ app_begin ] --END-- [ RunTime:0.002081s ]

[ 2016-05-31T12:30:12+08:00 ] ::1 /hstcesys/home/Public/check_verify
INFO: [ app_begin ] --START--
INFO: Run Behavior\ReadHtmlCacheBehavior [ RunTime:0.000570s ]
INFO: [ app_begin ] --END-- [ RunTime:0.001210s ]

[ 2016-05-31T12:30:23+08:00 ] ::1 /hstcesys/home/Public/check_verify
INFO: [ app_begin ] --START--
INFO: Run Behavior\ReadHtmlCacheBehavior [ RunTime:0.001057s ]
INFO: [ app_begin ] --END-- [ RunTime:0.002272s ]

[ 2016-05-31T12:30:23+08:00 ] ::1 /hstcesys/home/Public/check_verify
INFO: [ app_begin ] --START--
INFO: Run Behavior\ReadHtmlCacheBehavior [ RunTime:0.000746s ]
INFO: [ app_begin ] --END-- [ RunTime:0.001541s ]

[ 2016-05-31T12:37:29+08:00 ] ::1 /hstcesys/home/user/checkStudentId.html
INFO: [ app_begin ] --START--
INFO: Run Behavior\ReadHtmlCacheBehavior [ RunTime:0.000510s ]
INFO: [ app_begin ] --END-- [ RunTime:0.001030s ]
SQL: SHOW COLUMNS FROM `users` [ RunTime:0.0053s ]
SQL: SELECT * FROM `users` WHERE `student_id` = '2014138150' LIMIT 1   [ RunTime:0.0005s ]

[ 2016-05-31T12:38:49+08:00 ] ::1 /hstcesys/home/user/checkStudentId.html
INFO: [ app_begin ] --START--
INFO: Run Behavior\ReadHtmlCacheBehavior [ RunTime:0.000485s ]
INFO: [ app_begin ] --END-- [ RunTime:0.000992s ]
SQL: SHOW COLUMNS FROM `users` [ RunTime:0.0102s ]
SQL: SELECT * FROM `users` WHERE `student_id` = '2014118120' LIMIT 1   [ RunTime:0.0003s ]

[ 2016-05-31T12:38:56+08:00 ] ::1 /hstcesys/home/user/checkStudentId.html
INFO: [ app_begin ] --START--
INFO: Run Behavior\ReadHtmlCacheBehavior [ RunTime:0.000623s ]
INFO: [ app_begin ] --END-- [ RunTime:0.001297s ]
SQL: SHOW COLUMNS FROM `users` [ RunTime:0.0059s ]
SQL: SELECT * FROM `users` WHERE `student_id` = '2014118120' LIMIT 1   [ RunTime:0.0003s ]

[ 2016-05-31T12:39:10+08:00 ] ::1 /hstcesys/home/Public/check_verify
INFO: [ app_begin ] --START--
INFO: Run Behavior\ReadHtmlCacheBehavior [ RunTime:0.000524s ]
INFO: [ app_begin ] --END-- [ RunTime:0.001449s ]

[ 2016-05-31T12:39:25+08:00 ] ::1 /hstcesys/home/Public/check_verify
INFO: [ app_begin ] --START--
INFO: Run Behavior\ReadHtmlCacheBehavior [ RunTime:0.000656s ]
INFO: [ app_begin ] --END-- [ RunTime:0.001727s ]

[ 2016-05-31T12:39:49+08:00 ] ::1 /hstcesys/home/Public/check_verify
INFO: [ app_begin ] --START--
INFO: Run Behavior\ReadHtmlCacheBehavior [ RunTime:0.000646s ]
INFO: [ app_begin ] --END-- [ RunTime:0.001521s ]

[ 2016-05-31T12:41:05+08:00 ] ::1 /hstcesys/home/user/checkStudentId.html
INFO: [ app_begin ] --START--
INFO: Run Behavior\ReadHtmlCacheBehavior [ RunTime:0.000565s ]
INFO: [ app_begin ] --END-- [ RunTime:0.001141s ]
SQL: SHOW COLUMNS FROM `users` [ RunTime:0.0132s ]
SQL: SELECT * FROM `users` WHERE `student_id` = '2013118120' LIMIT 1   [ RunTime:0.0003s ]

[ 2016-05-31T12:41:10+08:00 ] ::1 /hstcesys/home/user/checkStudentId.html
INFO: [ app_begin ] --START--
INFO: Run Behavior\ReadHtmlCacheBehavior [ RunTime:0.000719s ]
INFO: [ app_begin ] --END-- [ RunTime:0.001475s ]
SQL: SHOW COLUMNS FROM `users` [ RunTime:0.0130s ]
SQL: SELECT * FROM `users` WHERE `student_id` = '2013118180' LIMIT 1   [ RunTime:0.0003s ]

[ 2016-05-31T12:41:26+08:00 ] ::1 /hstcesys/home/Public/check_verify
INFO: [ app_begin ] --START--
INFO: Run Behavior\ReadHtmlCacheBehavior [ RunTime:0.001187s ]
INFO: [ app_begin ] --END-- [ RunTime:0.002301s ]

[ 2016-05-31T12:41:26+08:00 ] ::1 /hstcesys/home/Public/check_verify
INFO: [ app_begin ] --START--
INFO: Run Behavior\ReadHtmlCacheBehavior [ RunTime:0.001448s ]
INFO: [ app_begin ] --END-- [ RunTime:0.002870s ]

[ 2016-05-31T12:43:19+08:00 ] ::1 /hstcesys/home/user/checkStudentId.html
INFO: [ app_begin ] --START--
INFO: Run Behavior\ReadHtmlCacheBehavior [ RunTime:0.001023s ]
INFO: [ app_begin ] --END-- [ RunTime:0.001579s ]
SQL: SHOW COLUMNS FROM `users` [ RunTime:0.0084s ]
SQL: SELECT * FROM `users` WHERE `student_id` = '2014151211' LIMIT 1   [ RunTime:0.0003s ]

[ 2016-05-31T12:43:35+08:00 ] ::1 /hstcesys/home/Public/check_verify
INFO: [ app_begin ] --START--
INFO: Run Behavior\ReadHtmlCacheBehavior [ RunTime:0.000547s ]
INFO: [ app_begin ] --END-- [ RunTime:0.001052s ]

[ 2016-05-31T12:43:58+08:00 ] ::1 /hstcesys/home/Public/check_verify
INFO: [ app_begin ] --START--
INFO: Run Behavior\ReadHtmlCacheBehavior [ RunTime:0.000582s ]
INFO: [ app_begin ] --END-- [ RunTime:0.001221s ]

[ 2016-05-31T12:44:24+08:00 ] ::1 /hstcesys/home/user/checkStudentId.html
INFO: [ app_begin ] --START--
INFO: Run Behavior\ReadHtmlCacheBehavior [ RunTime:0.000536s ]
INFO: [ app_begin ] --END-- [ RunTime:0.001298s ]
SQL: SHOW COLUMNS FROM `users` [ RunTime:0.0051s ]
SQL: SELECT * FROM `users` WHERE `student_id` = '2014121212' LIMIT 1   [ RunTime:0.0003s ]

[ 2016-05-31T12:44:24+08:00 ] ::1 /hstcesys/home/user/checkStudentId.html
INFO: [ app_begin ] --START--
INFO: Run Behavior\ReadHtmlCacheBehavior [ RunTime:0.000520s ]
INFO: [ app_begin ] --END-- [ RunTime:0.001181s ]
SQL: SHOW COLUMNS FROM `users` [ RunTime:0.0046s ]
SQL: SELECT * FROM `users` WHERE `student_id` = '2014121212' LIMIT 1   [ RunTime:0.0003s ]

[ 2016-05-31T12:44:39+08:00 ] ::1 /hstcesys/home/Public/check_verify
INFO: [ app_begin ] --START--
INFO: Run Behavior\ReadHtmlCacheBehavior [ RunTime:0.000821s ]
INFO: [ app_begin ] --END-- [ RunTime:0.001664s ]

[ 2016-05-31T12:44:51+08:00 ] ::1 /hstcesys/home/Public/check_verify
INFO: [ app_begin ] --START--
INFO: Run Behavior\ReadHtmlCacheBehavior [ RunTime:0.000774s ]
INFO: [ app_begin ] --END-- [ RunTime:0.001411s ]

[ 2016-05-31T12:45:03+08:00 ] ::1 /hstcesys/home/Public/check_verify
INFO: [ app_begin ] --START--
INFO: Run Behavior\ReadHtmlCacheBehavior [ RunTime:0.000542s ]
INFO: [ app_begin ] --END-- [ RunTime:0.001046s ]

[ 2016-05-31T12:45:14+08:00 ] ::1 /hstcesys/home/Public/check_verify
INFO: [ app_begin ] --START--
INFO: Run Behavior\ReadHtmlCacheBehavior [ RunTime:0.000545s ]
INFO: [ app_begin ] --END-- [ RunTime:0.001030s ]

[ 2016-05-31T12:49:39+08:00 ] ::1 /hstcesys/home/user/checkStudentId.html
INFO: [ app_begin ] --START--
INFO: Run Behavior\ReadHtmlCacheBehavior [ RunTime:0.001256s ]
INFO: [ app_begin ] --END-- [ RunTime:0.002200s ]
SQL: SHOW COLUMNS FROM `users` [ RunTime:0.0045s ]
SQL: SELECT * FROM `users` WHERE `student_id` = '2011454545' LIMIT 1   [ RunTime:0.0004s ]

[ 2016-05-31T12:49:39+08:00 ] ::1 /hstcesys/home/user/checkStudentId.html
INFO: [ app_begin ] --START--
INFO: Run Behavior\ReadHtmlCacheBehavior [ RunTime:0.001146s ]
INFO: [ app_begin ] --END-- [ RunTime:0.001949s ]
SQL: SHOW COLUMNS FROM `users` [ RunTime:0.0059s ]
SQL: SELECT * FROM `users` WHERE `student_id` = '2011454545' LIMIT 1   [ RunTime:0.0004s ]

[ 2016-05-31T12:49:56+08:00 ] ::1 /hstcesys/home/Public/check_verify
INFO: [ app_begin ] --START--
INFO: Run Behavior\ReadHtmlCacheBehavior [ RunTime:0.000564s ]
INFO: [ app_begin ] --END-- [ RunTime:0.001129s ]

[ 2016-05-31T12:50:08+08:00 ] ::1 /hstcesys/home/Public/check_verify
INFO: [ app_begin ] --START--
INFO: Run Behavior\ReadHtmlCacheBehavior [ RunTime:0.000885s ]
INFO: [ app_begin ] --END-- [ RunTime:0.001626s ]

[ 2016-05-31T13:00:13+08:00 ] ::1 /hstcesys/home/login/check
INFO: [ app_begin ] --START--
INFO: Run Behavior\ReadHtmlCacheBehavior [ RunTime:0.000743s ]
INFO: [ app_begin ] --END-- [ RunTime:0.001287s ]
SQL: SHOW COLUMNS FROM `users` [ RunTime:0.0078s ]
SQL: SELECT * FROM `users` WHERE `student_id` = '2013118120' AND `password` = '30c8586794579fc0ea93c5b8561460b2' LIMIT 1   [ RunTime:0.0004s ]

[ 2016-05-31T13:00:34+08:00 ] ::1 /hstcesys/home/user/checkStudentId.html
INFO: [ app_begin ] --START--
INFO: Run Behavior\ReadHtmlCacheBehavior [ RunTime:0.000684s ]
INFO: [ app_begin ] --END-- [ RunTime:0.001420s ]
SQL: SHOW COLUMNS FROM `users` [ RunTime:0.0045s ]
SQL: SELECT * FROM `users` WHERE `student_id` = '2013118116' LIMIT 1   [ RunTime:0.0003s ]

[ 2016-05-31T13:00:57+08:00 ] ::1 /hstcesys/home/Public/check_verify
INFO: [ app_begin ] --START--
INFO: Run Behavior\ReadHtmlCacheBehavior [ RunTime:0.000564s ]
INFO: [ app_begin ] --END-- [ RunTime:0.001140s ]

[ 2016-05-31T13:01:03+08:00 ] ::1 /hstcesys/home/Public/check_verify
INFO: [ app_begin ] --START--
INFO: Run Behavior\ReadHtmlCacheBehavior [ RunTime:0.000506s ]
INFO: [ app_begin ] --END-- [ RunTime:0.001024s ]

[ 2016-05-31T13:01:10+08:00 ] ::1 /hstcesys/home/login/check
INFO: [ app_begin ] --START--
INFO: Run Behavior\ReadHtmlCacheBehavior [ RunTime:0.000517s ]
INFO: [ app_begin ] --END-- [ RunTime:0.001030s ]
SQL: SHOW COLUMNS FROM `users` [ RunTime:0.0044s ]
SQL: SELECT * FROM `users` WHERE `student_id` = '2013118116' AND `password` = '30c8586794579fc0ea93c5b8561460b2' LIMIT 1   [ RunTime:0.0004s ]

