[ 2016-05-24T16:37:31+08:00 ] ::1 /hstcesys/Public/img/daohang.png
ERR: 无法加载模块:Public

[ 2016-05-24T17:05:58+08:00 ] ::1 /hstcesys/Public/img/input.png
ERR: 无法加载模块:Public

[ 2016-05-24T17:20:13+08:00 ] ::1 /hstcesys/Public/img/loading.gif
ERR: 无法加载模块:Public

[ 2016-05-24T17:20:14+08:00 ] ::1 /hstcesys/Public/img/loading-sm.gif
ERR: 无法加载模块:Public

[ 2016-05-24T18:31:06+08:00 ] ::1 /hstcesys/Public/img/loading.gif
ERR: 无法加载模块:Public

[ 2016-05-24T18:31:07+08:00 ] ::1 /hstcesys/Public/img/loading-sm.gif
ERR: 无法加载模块:Public

[ 2016-05-24T18:31:20+08:00 ] ::1 /hstcesys/Public/img/daohang.png
ERR: 无法加载模块:Public

[ 2016-05-24T18:41:08+08:00 ] ::1 /hstcesys/file/index
ERR: 无法加载模块:File

[ 2016-05-24T18:42:11+08:00 ] ::1 /hstcesys/file/index
ERR: 无法加载模块:File

[ 2016-05-24T19:35:28+08:00 ] ::1 /hstcesys/Public/img/daohang.png
ERR: 无法加载模块:Public

