[ 2016-04-20T19:03:15+08:00 ] ::1 /hstcesys/Public/fonts/glyphicons-halflings-regular.woff
ERR: 无法加载模块:Public

[ 2016-04-20T19:03:15+08:00 ] ::1 /hstcesys/Public/fonts/glyphicons-halflings-regular.ttf
ERR: 无法加载模块:Public

[ 2016-04-20T19:06:20+08:00 ] ::1 /hstcesys/Public/img/loading.gif
ERR: 无法加载模块:Public

[ 2016-04-20T19:11:03+08:00 ] ::1 /hstcesys/Public/img/loading-sm.gif
ERR: 无法加载模块:Public

[ 2016-04-20T19:24:10+08:00 ] ::1 /hstcesys/Public/img/loading.gif
ERR: 无法加载模块:Public

[ 2016-04-20T19:24:20+08:00 ] ::1 /hstcesys/Public/img/loading-sm.gif
ERR: 无法加载模块:Public

[ 2016-04-20T20:11:21+08:00 ] ::1 /hstcesys/Public/img/loading.gif
ERR: 无法加载模块:Public

[ 2016-04-20T20:18:06+08:00 ] ::1 /hstcesys/Public/img/loading.gif
ERR: 无法加载模块:Public

[ 2016-04-20T20:18:09+08:00 ] ::1 /hstcesys/Public/img/loading-sm.gif
ERR: 无法加载模块:Public

[ 2016-04-20T20:21:31+08:00 ] ::1 /hstcesys/Public/img/loading-sm.gif
ERR: 无法加载模块:Public

[ 2016-04-20T20:25:22+08:00 ] ::1 /hstcesys/Public/img/loading.gif
ERR: 无法加载模块:Public

[ 2016-04-20T20:25:27+08:00 ] ::1 /hstcesys/Public/img/loading-sm.gif
ERR: 无法加载模块:Public

[ 2016-04-20T20:26:00+08:00 ] ::1 /hstcesys/Public/img/loading.gif
ERR: 无法加载模块:Public

[ 2016-04-20T20:26:18+08:00 ] ::1 /hstcesys/Public/img/loading-sm.gif
ERR: 无法加载模块:Public

[ 2016-04-20T20:27:00+08:00 ] ::1 /hstcesys/Public/img/loading.gif
ERR: 无法加载模块:Public

[ 2016-04-20T20:27:01+08:00 ] ::1 /hstcesys/Public/img/loading-sm.gif
ERR: 无法加载模块:Public

