[ 2016-05-26T19:34:47+08:00 ] ::1 /hstcesys/home%E2%80%98%E2%80%99
ERR: 无法加载模块:Home‘’

[ 2016-05-26T19:34:48+08:00 ] ::1 /hstcesys/home%E2%80%98
ERR: 无法加载模块:Home‘

[ 2016-05-26T21:59:51+08:00 ] ::1 /hstcesys/%20admin/exams/getExams/key/%E6%9C%80%E7%BB%88%E6%B5%8B%E8%AF%95_______
ERR: 无法加载模块: admin

[ 2016-05-26T22:04:20+08:00 ] ::1 /hstcesys/Public/img/loading.gif
ERR: 无法加载模块:Public

[ 2016-05-26T22:04:21+08:00 ] ::1 /hstcesys/Public/img/loading-sm.gif
ERR: 无法加载模块:Public

[ 2016-05-26T22:04:42+08:00 ] ::1 /hstcesys/Public/img/daohang.png
ERR: 无法加载模块:Public

[ 2016-05-26T22:20:35+08:00 ] ::1 /hstcesys/Public/public/Images/daohang.png
ERR: 无法加载模块:Public

[ 2016-05-26T22:21:00+08:00 ] ::1 /hstcesys/Public/Css/public/Images/daohang.png
ERR: 无法加载模块:Public

[ 2016-05-26T22:21:24+08:00 ] ::1 /hstcesys/Public/public/Images/daohang.png
ERR: 无法加载模块:Public

[ 2016-05-26T22:48:08+08:00 ] ::1 /hstcesys/Public/img/loading.gif
ERR: 无法加载模块:Public

[ 2016-05-26T22:48:13+08:00 ] ::1 /hstcesys/Public/img/loading-sm.gif
ERR: 无法加载模块:Public

