[ 2016-04-16T13:44:57+08:00 ] ::1 /hstces/Public/Js/bootstrap_fix.js
ERR: 无法加载模块:Public

[ 2016-04-16T13:44:58+08:00 ] ::1 /hstces/Public/Js/bootstrap_fix.js
ERR: 无法加载模块:Public

[ 2016-04-16T13:46:03+08:00 ] ::1 /hstces/Public/Css/bootsrap_fix.css
ERR: 无法加载模块:Public

[ 2016-04-16T13:46:20+08:00 ] ::1 /hstces/Public/Css/bootsrap_fix.css
ERR: 无法加载模块:Public

[ 2016-04-16T13:46:20+08:00 ] ::1 /hstces/Public/Css/bootsrap_fix.css
ERR: 无法加载模块:Public

[ 2016-04-16T16:51:00+08:00 ] ::1 /hstces/public/css/bootstrap.min.css
ERR: 无法加载模块:Public

[ 2016-04-16T16:51:00+08:00 ] ::1 /hstces/public/CSS/prettify-1.0.css
ERR: 无法加载模块:Public

[ 2016-04-16T16:51:00+08:00 ] ::1 /hstces/public/CSS/default.css
ERR: 无法加载模块:Public

[ 2016-04-16T16:51:00+08:00 ] ::1 /hstces/public/JS/bootstrap.min.js
ERR: 无法加载模块:Public

[ 2016-04-16T16:51:00+08:00 ] ::1 /hstces/public/CSS/font-awesome.min.css
ERR: 无法加载模块:Public

[ 2016-04-16T16:51:00+08:00 ] ::1 /hstces/public/CSS/base.css
ERR: 无法加载模块:Public

[ 2016-04-16T16:51:45+08:00 ] ::1 /hstces/public/fonts/glyphicons-halflings-regular.woff2
ERR: 无法加载模块:Public

[ 2016-04-16T16:51:45+08:00 ] ::1 /hstces/public/fonts/glyphicons-halflings-regular.woff
ERR: 无法加载模块:Public

[ 2016-04-16T16:51:45+08:00 ] ::1 /hstces/public/fonts/glyphicons-halflings-regular.ttf
ERR: 无法加载模块:Public

[ 2016-04-16T16:51:45+08:00 ] ::1 /hstces/public/fonts/glyphicons-halflings-regular.woff2
ERR: 无法加载模块:Public

[ 2016-04-16T16:51:46+08:00 ] ::1 /hstces/public/fonts/glyphicons-halflings-regular.woff
ERR: 无法加载模块:Public

[ 2016-04-16T16:51:46+08:00 ] ::1 /hstces/public/fonts/glyphicons-halflings-regular.ttf
ERR: 无法加载模块:Public

[ 2016-04-16T16:52:52+08:00 ] ::1 /hstces/public/fonts/glyphicons-halflings-regular.woff2
ERR: 无法加载模块:Public

[ 2016-04-16T16:52:52+08:00 ] ::1 /hstces/public/fonts/glyphicons-halflings-regular.woff
ERR: 无法加载模块:Public

[ 2016-04-16T16:52:52+08:00 ] ::1 /hstces/public/fonts/glyphicons-halflings-regular.ttf
ERR: 无法加载模块:Public

[ 2016-04-16T16:58:25+08:00 ] ::1 /hstces/public/fonts/glyphicons-halflings-regular.woff2
ERR: 无法加载模块:Public

[ 2016-04-16T16:58:26+08:00 ] ::1 /hstces/public/fonts/glyphicons-halflings-regular.woff
ERR: 无法加载模块:Public

[ 2016-04-16T16:58:26+08:00 ] ::1 /hstces/public/fonts/glyphicons-halflings-regular.ttf
ERR: 无法加载模块:Public

[ 2016-04-16T16:59:28+08:00 ] ::1 /hstces/public/fonts/glyphicons-halflings-regular.woff2
ERR: 无法加载模块:Public

[ 2016-04-16T16:59:28+08:00 ] ::1 /hstces/public/fonts/glyphicons-halflings-regular.woff
ERR: 无法加载模块:Public

[ 2016-04-16T16:59:29+08:00 ] ::1 /hstces/public/fonts/glyphicons-halflings-regular.ttf
ERR: 无法加载模块:Public

[ 2016-04-16T17:00:48+08:00 ] ::1 /hstces/public/fonts/glyphicons-halflings-regular.woff2
ERR: 无法加载模块:Public

[ 2016-04-16T17:00:48+08:00 ] ::1 /hstces/public/fonts/glyphicons-halflings-regular.woff
ERR: 无法加载模块:Public

[ 2016-04-16T17:00:48+08:00 ] ::1 /hstces/public/fonts/glyphicons-halflings-regular.ttf
ERR: 无法加载模块:Public

[ 2016-04-16T17:01:04+08:00 ] ::1 /hstces/public/fonts/glyphicons-halflings-regular.woff2
ERR: 无法加载模块:Public

[ 2016-04-16T17:01:04+08:00 ] ::1 /hstces/public/fonts/glyphicons-halflings-regular.woff
ERR: 无法加载模块:Public

[ 2016-04-16T17:01:05+08:00 ] ::1 /hstces/public/fonts/glyphicons-halflings-regular.ttf
ERR: 无法加载模块:Public

[ 2016-04-16T17:02:54+08:00 ] ::1 /hstces/public/fonts/glyphicons-halflings-regular.woff2
ERR: 无法加载模块:Public

[ 2016-04-16T17:02:55+08:00 ] ::1 /hstces/public/fonts/glyphicons-halflings-regular.woff
ERR: 无法加载模块:Public

[ 2016-04-16T17:02:55+08:00 ] ::1 /hstces/public/fonts/glyphicons-halflings-regular.ttf
ERR: 无法加载模块:Public

[ 2016-04-16T17:04:21+08:00 ] ::1 /hstces/public/IMG/tiem.png
ERR: 无法加载模块:Public

[ 2016-04-16T17:04:24+08:00 ] ::1 /hstces/public/IMG/tiem.png
ERR: 无法加载模块:Public

[ 2016-04-16T17:04:49+08:00 ] ::1 /hstces/public/IMG/tiem.png
ERR: 无法加载模块:Public

[ 2016-04-16T17:04:57+08:00 ] ::1 /hstces/public/IMG/tiem.png
ERR: 无法加载模块:Public

[ 2016-04-16T17:04:57+08:00 ] ::1 /hstces/public/fonts/glyphicons-halflings-regular.woff2
ERR: 无法加载模块:Public

[ 2016-04-16T17:04:57+08:00 ] ::1 /hstces/public/fonts/glyphicons-halflings-regular.woff
ERR: 无法加载模块:Public

[ 2016-04-16T17:04:57+08:00 ] ::1 /hstces/public/fonts/glyphicons-halflings-regular.ttf
ERR: 无法加载模块:Public

[ 2016-04-16T17:04:58+08:00 ] ::1 /hstces/public/IMG/tiem.png
ERR: 无法加载模块:Public

[ 2016-04-16T17:04:58+08:00 ] ::1 /hstces/public/fonts/glyphicons-halflings-regular.woff2
ERR: 无法加载模块:Public

[ 2016-04-16T17:04:58+08:00 ] ::1 /hstces/public/fonts/glyphicons-halflings-regular.woff
ERR: 无法加载模块:Public

[ 2016-04-16T17:04:58+08:00 ] ::1 /hstces/public/fonts/glyphicons-halflings-regular.ttf
ERR: 无法加载模块:Public

[ 2016-04-16T17:05:01+08:00 ] ::1 /hstces/public/IMG/tiem.png
ERR: 无法加载模块:Public

[ 2016-04-16T17:05:02+08:00 ] ::1 /hstces/public/IMG/tiem.png
ERR: 无法加载模块:Public

[ 2016-04-16T17:05:02+08:00 ] ::1 /hstces/public/fonts/glyphicons-halflings-regular.woff2
ERR: 无法加载模块:Public

[ 2016-04-16T17:05:02+08:00 ] ::1 /hstces/public/fonts/glyphicons-halflings-regular.woff
ERR: 无法加载模块:Public

[ 2016-04-16T17:05:02+08:00 ] ::1 /hstces/public/fonts/glyphicons-halflings-regular.ttf
ERR: 无法加载模块:Public

[ 2016-04-16T17:05:55+08:00 ] ::1 /hstces/public/IMG/tiem.png
ERR: 无法加载模块:Public

[ 2016-04-16T17:05:55+08:00 ] ::1 /hstces/public/IMG/tiem.png
ERR: 无法加载模块:Public

[ 2016-04-16T17:05:56+08:00 ] ::1 /hstces/public/fonts/glyphicons-halflings-regular.woff2
ERR: 无法加载模块:Public

[ 2016-04-16T17:05:56+08:00 ] ::1 /hstces/public/fonts/glyphicons-halflings-regular.woff
ERR: 无法加载模块:Public

[ 2016-04-16T17:05:56+08:00 ] ::1 /hstces/public/fonts/glyphicons-halflings-regular.ttf
ERR: 无法加载模块:Public

[ 2016-04-16T17:05:57+08:00 ] ::1 /hstces/public/IMG/tiem.png
ERR: 无法加载模块:Public

[ 2016-04-16T17:05:57+08:00 ] ::1 /hstces/public/IMG/tiem.png
ERR: 无法加载模块:Public

[ 2016-04-16T17:05:57+08:00 ] ::1 /hstces/public/fonts/glyphicons-halflings-regular.woff2
ERR: 无法加载模块:Public

[ 2016-04-16T17:05:58+08:00 ] ::1 /hstces/public/fonts/glyphicons-halflings-regular.woff
ERR: 无法加载模块:Public

[ 2016-04-16T17:05:58+08:00 ] ::1 /hstces/public/fonts/glyphicons-halflings-regular.ttf
ERR: 无法加载模块:Public

[ 2016-04-16T17:05:58+08:00 ] ::1 /hstces/public/IMG/tiem.png
ERR: 无法加载模块:Public

[ 2016-04-16T17:05:59+08:00 ] ::1 /hstces/public/IMG/tiem.png
ERR: 无法加载模块:Public

[ 2016-04-16T17:05:59+08:00 ] ::1 /hstces/public/fonts/glyphicons-halflings-regular.woff2
ERR: 无法加载模块:Public

[ 2016-04-16T17:05:59+08:00 ] ::1 /hstces/public/fonts/glyphicons-halflings-regular.woff
ERR: 无法加载模块:Public

[ 2016-04-16T17:05:59+08:00 ] ::1 /hstces/public/fonts/glyphicons-halflings-regular.ttf
ERR: 无法加载模块:Public

[ 2016-04-16T17:06:11+08:00 ] ::1 /hstces/public/IMG/tiem.png
ERR: 无法加载模块:Public

[ 2016-04-16T17:09:30+08:00 ] ::1 /hstces/public/Public/images/tiem.png
ERR: 无法加载模块:Public

[ 2016-04-16T17:09:46+08:00 ] ::1 /hstces/public/Public/images/tiem.png
ERR: 无法加载模块:Public

[ 2016-04-16T17:11:58+08:00 ] ::1 /hstces/Public/fonts/glyphicons-halflings-regular.woff2
ERR: 无法加载模块:Public

[ 2016-04-16T17:11:58+08:00 ] ::1 /hstces/Public/fonts/glyphicons-halflings-regular.woff
ERR: 无法加载模块:Public

[ 2016-04-16T17:11:58+08:00 ] ::1 /hstces/Public/fonts/glyphicons-halflings-regular.ttf
ERR: 无法加载模块:Public

[ 2016-04-16T19:20:40+08:00 ] ::1 /hstces/user
ERR: 无法加载模块:User

[ 2016-04-16T19:20:43+08:00 ] ::1 /hstces/users
ERR: 无法加载模块:Users

[ 2016-04-16T19:40:58+08:00 ] ::1 /hstces/Public/Js/amazeui.js
ERR: 无法加载模块:Public

[ 2016-04-16T19:40:59+08:00 ] ::1 /hstces/Public/Js/amazeui.js
ERR: 无法加载模块:Public

[ 2016-04-16T19:41:00+08:00 ] ::1 /hstces/Public/Js/amazeui.js
ERR: 无法加载模块:Public

[ 2016-04-16T19:41:01+08:00 ] ::1 /hstces/Public/Js/amazeui.js
ERR: 无法加载模块:Public

[ 2016-04-16T19:41:03+08:00 ] ::1 /hstces/Public/Js/amazeui.js
ERR: 无法加载模块:Public

[ 2016-04-16T20:17:55+08:00 ] ::1 /hstcesys/Public/fonts/fontawesome-webfont.woff2?v=4.5.0
ERR: 无法加载模块:Public

[ 2016-04-16T20:17:55+08:00 ] ::1 /hstcesys/Public/fonts/fontawesome-webfont.woff?v=4.5.0
ERR: 无法加载模块:Public

[ 2016-04-16T20:17:55+08:00 ] ::1 /hstcesys/Public/fonts/fontawesome-webfont.ttf?v=4.5.0
ERR: 无法加载模块:Public

[ 2016-04-16T20:19:38+08:00 ] ::1 /hstcesys/Public/Css/jquery.min.js
ERR: 无法加载模块:Public

[ 2016-04-16T20:19:38+08:00 ] ::1 /hstcesys/Public/Css/amazeui.min.js
ERR: 无法加载模块:Public

[ 2016-04-16T20:19:38+08:00 ] ::1 /hstcesys/Public/fonts/fontawesome-webfont.woff2?v=4.5.0
ERR: 无法加载模块:Public

[ 2016-04-16T20:19:38+08:00 ] ::1 /hstcesys/Public/fonts/fontawesome-webfont.woff?v=4.5.0
ERR: 无法加载模块:Public

[ 2016-04-16T20:19:38+08:00 ] ::1 /hstcesys/Public/fonts/fontawesome-webfont.ttf?v=4.5.0
ERR: 无法加载模块:Public

[ 2016-04-16T20:19:43+08:00 ] ::1 /hstcesys/Public/Css/amazeui.min.js
ERR: 无法加载模块:Public

[ 2016-04-16T20:19:43+08:00 ] ::1 /hstcesys/Public/Css/jquery.min.js
ERR: 无法加载模块:Public

[ 2016-04-16T20:19:43+08:00 ] ::1 /hstcesys/Public/fonts/fontawesome-webfont.woff2?v=4.5.0
ERR: 无法加载模块:Public

[ 2016-04-16T20:19:43+08:00 ] ::1 /hstcesys/Public/fonts/fontawesome-webfont.woff?v=4.5.0
ERR: 无法加载模块:Public

[ 2016-04-16T20:19:44+08:00 ] ::1 /hstcesys/Public/fonts/fontawesome-webfont.ttf?v=4.5.0
ERR: 无法加载模块:Public

[ 2016-04-16T20:20:50+08:00 ] ::1 /hstcesys/Public/Css/amazeui.min.js
ERR: 无法加载模块:Public

[ 2016-04-16T20:21:05+08:00 ] ::1 /hstcesys/Public/Css/jquery.min.js
ERR: 无法加载模块:Public

[ 2016-04-16T20:21:49+08:00 ] ::1 /hstcesys/Public/Js/jquery.min.js
ERR: 无法加载模块:Public

[ 2016-04-16T20:21:49+08:00 ] ::1 /hstcesys/Public/fonts/fontawesome-webfont.woff2?v=4.5.0
ERR: 无法加载模块:Public

[ 2016-04-16T20:21:49+08:00 ] ::1 /hstcesys/Public/fonts/fontawesome-webfont.woff?v=4.5.0
ERR: 无法加载模块:Public

[ 2016-04-16T20:21:49+08:00 ] ::1 /hstcesys/Public/fonts/fontawesome-webfont.ttf?v=4.5.0
ERR: 无法加载模块:Public

[ 2016-04-16T20:23:04+08:00 ] ::1 /hstcesys/Public/Js/jquery.min.js
ERR: 无法加载模块:Public

[ 2016-04-16T20:24:48+08:00 ] ::1 /hstcesys/Public/fonts/fontawesome-webfont.woff2?v=4.5.0
ERR: 无法加载模块:Public

[ 2016-04-16T20:24:48+08:00 ] ::1 /hstcesys/Public/fonts/fontawesome-webfont.woff?v=4.5.0
ERR: 无法加载模块:Public

[ 2016-04-16T20:24:48+08:00 ] ::1 /hstcesys/Public/fonts/fontawesome-webfont.ttf?v=4.5.0
ERR: 无法加载模块:Public

[ 2016-04-16T20:32:11+08:00 ] ::1 /hstcesys/Public/fonts/fontawesome-webfont.woff2?v=4.5.0
ERR: 无法加载模块:Public

[ 2016-04-16T20:32:12+08:00 ] ::1 /hstcesys/Public/fonts/fontawesome-webfont.woff?v=4.5.0
ERR: 无法加载模块:Public

[ 2016-04-16T20:32:12+08:00 ] ::1 /hstcesys/Public/fonts/fontawesome-webfont.ttf?v=4.5.0
ERR: 无法加载模块:Public

[ 2016-04-16T20:36:25+08:00 ] ::1 /hstcesys/Public/fonts/fontawesome-webfont.woff2?v=4.5.0
ERR: 无法加载模块:Public

[ 2016-04-16T20:36:25+08:00 ] ::1 /hstcesys/Public/fonts/fontawesome-webfont.woff?v=4.5.0
ERR: 无法加载模块:Public

[ 2016-04-16T20:36:25+08:00 ] ::1 /hstcesys/Public/fonts/fontawesome-webfont.ttf?v=4.5.0
ERR: 无法加载模块:Public

[ 2016-04-16T20:38:36+08:00 ] ::1 /hstcesys/Public/fonts/fontawesome-webfont.woff2?v=4.5.0
ERR: 无法加载模块:Public

[ 2016-04-16T20:38:36+08:00 ] ::1 /hstcesys/Public/fonts/fontawesome-webfont.woff?v=4.5.0
ERR: 无法加载模块:Public

[ 2016-04-16T20:38:36+08:00 ] ::1 /hstcesys/Public/fonts/fontawesome-webfont.ttf?v=4.5.0
ERR: 无法加载模块:Public

[ 2016-04-16T20:40:18+08:00 ] ::1 /hstcesys/Public/fonts/fontawesome-webfont.woff2?v=4.5.0
ERR: 无法加载模块:Public

[ 2016-04-16T20:40:18+08:00 ] ::1 /hstcesys/Public/fonts/fontawesome-webfont.woff?v=4.5.0
ERR: 无法加载模块:Public

[ 2016-04-16T20:40:18+08:00 ] ::1 /hstcesys/Public/fonts/fontawesome-webfont.ttf?v=4.5.0
ERR: 无法加载模块:Public

[ 2016-04-16T20:43:13+08:00 ] ::1 /hstcesys/Public/fonts/fontawesome-webfont.woff2?v=4.5.0
ERR: 无法加载模块:Public

[ 2016-04-16T20:43:13+08:00 ] ::1 /hstcesys/Public/fonts/fontawesome-webfont.woff?v=4.5.0
ERR: 无法加载模块:Public

[ 2016-04-16T20:43:13+08:00 ] ::1 /hstcesys/Public/fonts/fontawesome-webfont.ttf?v=4.5.0
ERR: 无法加载模块:Public

[ 2016-04-16T20:44:40+08:00 ] ::1 /hstcesys/Public/fonts/fontawesome-webfont.woff2?v=4.5.0
ERR: 无法加载模块:Public

[ 2016-04-16T20:44:40+08:00 ] ::1 /hstcesys/Public/fonts/fontawesome-webfont.woff?v=4.5.0
ERR: 无法加载模块:Public

[ 2016-04-16T20:44:40+08:00 ] ::1 /hstcesys/Public/fonts/fontawesome-webfont.ttf?v=4.5.0
ERR: 无法加载模块:Public

[ 2016-04-16T20:46:08+08:00 ] ::1 /hstcesys/Public/fonts/fontawesome-webfont.woff2?v=4.5.0
ERR: 无法加载模块:Public

[ 2016-04-16T20:46:08+08:00 ] ::1 /hstcesys/Public/fonts/fontawesome-webfont.woff?v=4.5.0
ERR: 无法加载模块:Public

[ 2016-04-16T20:46:08+08:00 ] ::1 /hstcesys/Public/fonts/fontawesome-webfont.ttf?v=4.5.0
ERR: 无法加载模块:Public

[ 2016-04-16T20:47:49+08:00 ] ::1 /hstcesys/Public/fonts/fontawesome-webfont.woff2?v=4.5.0
ERR: 无法加载模块:Public

[ 2016-04-16T20:47:49+08:00 ] ::1 /hstcesys/Public/fonts/fontawesome-webfont.woff?v=4.5.0
ERR: 无法加载模块:Public

[ 2016-04-16T20:47:49+08:00 ] ::1 /hstcesys/Public/fonts/fontawesome-webfont.ttf?v=4.5.0
ERR: 无法加载模块:Public

[ 2016-04-16T20:48:08+08:00 ] ::1 /hstcesys/Public/fonts/fontawesome-webfont.woff2?v=4.5.0
ERR: 无法加载模块:Public

[ 2016-04-16T20:48:09+08:00 ] ::1 /hstcesys/Public/fonts/fontawesome-webfont.woff?v=4.5.0
ERR: 无法加载模块:Public

[ 2016-04-16T20:48:09+08:00 ] ::1 /hstcesys/Public/fonts/fontawesome-webfont.ttf?v=4.5.0
ERR: 无法加载模块:Public

[ 2016-04-16T20:48:23+08:00 ] ::1 /hstcesys/Public/fonts/fontawesome-webfont.woff2?v=4.5.0
ERR: 无法加载模块:Public

[ 2016-04-16T20:48:24+08:00 ] ::1 /hstcesys/Public/fonts/fontawesome-webfont.woff?v=4.5.0
ERR: 无法加载模块:Public

[ 2016-04-16T20:48:24+08:00 ] ::1 /hstcesys/Public/fonts/fontawesome-webfont.ttf?v=4.5.0
ERR: 无法加载模块:Public

[ 2016-04-16T20:51:57+08:00 ] ::1 /hstcesys/Public/fonts/fontawesome-webfont.woff2?v=4.5.0
ERR: 无法加载模块:Public

[ 2016-04-16T20:51:57+08:00 ] ::1 /hstcesys/Public/fonts/fontawesome-webfont.woff?v=4.5.0
ERR: 无法加载模块:Public

[ 2016-04-16T20:51:58+08:00 ] ::1 /hstcesys/Public/fonts/fontawesome-webfont.ttf?v=4.5.0
ERR: 无法加载模块:Public

[ 2016-04-16T20:53:42+08:00 ] ::1 /hstcesys/Public/fonts/fontawesome-webfont.woff2?v=4.5.0
ERR: 无法加载模块:Public

[ 2016-04-16T20:53:42+08:00 ] ::1 /hstcesys/Public/fonts/fontawesome-webfont.woff?v=4.5.0
ERR: 无法加载模块:Public

[ 2016-04-16T20:53:42+08:00 ] ::1 /hstcesys/Public/fonts/fontawesome-webfont.ttf?v=4.5.0
ERR: 无法加载模块:Public

[ 2016-04-16T21:10:37+08:00 ] ::1 /hstcesys/Public/fonts/fontawesome-webfont.woff2?v=4.5.0
ERR: 无法加载模块:Public

[ 2016-04-16T21:10:37+08:00 ] ::1 /hstcesys/Public/fonts/fontawesome-webfont.woff?v=4.5.0
ERR: 无法加载模块:Public

[ 2016-04-16T21:10:38+08:00 ] ::1 /hstcesys/Public/fonts/fontawesome-webfont.ttf?v=4.5.0
ERR: 无法加载模块:Public

