[ 2016-05-24T17:19:12+08:00 ] ::1 /hstcesys/admin/login/check.html
INFO: [ app_begin ] --START--
INFO: Run Behavior\ReadHtmlCacheBehavior [ RunTime:0.000731s ]
INFO: [ app_begin ] --END-- [ RunTime:0.001238s ]
SQL: SHOW COLUMNS FROM `admin` [ RunTime:0.0101s ]
SQL: SELECT * FROM `admin` WHERE `admin_name` = '2013118120' AND `admin_password` = '30c8586794579fc0ea93c5b8561460b2' LIMIT 1   [ RunTime:0.0004s ]

[ 2016-05-24T17:19:21+08:00 ] ::1 /hstcesys/admin/login/check.html
INFO: [ app_begin ] --START--
INFO: Run Behavior\ReadHtmlCacheBehavior [ RunTime:0.000482s ]
INFO: [ app_begin ] --END-- [ RunTime:0.000970s ]
SQL: SHOW COLUMNS FROM `admin` [ RunTime:0.0110s ]
SQL: SELECT * FROM `admin` WHERE `admin_name` = '2013118120' AND `admin_password` = '30c8586794579fc0ea93c5b8561460b2' LIMIT 1   [ RunTime:0.0003s ]

[ 2016-05-24T17:19:28+08:00 ] ::1 /hstcesys/admin/login/check.html
INFO: [ app_begin ] --START--
INFO: Run Behavior\ReadHtmlCacheBehavior [ RunTime:0.000487s ]
INFO: [ app_begin ] --END-- [ RunTime:0.000990s ]
SQL: SHOW COLUMNS FROM `admin` [ RunTime:0.0099s ]
SQL: SELECT * FROM `admin` WHERE `admin_name` = '2013118120' AND `admin_password` = 'e10adc3949ba59abbe56e057f20f883e' LIMIT 1   [ RunTime:0.0003s ]

[ 2016-05-24T17:19:39+08:00 ] ::1 /hstcesys/admin/login/check.html
INFO: [ app_begin ] --START--
INFO: Run Behavior\ReadHtmlCacheBehavior [ RunTime:0.000467s ]
INFO: [ app_begin ] --END-- [ RunTime:0.000965s ]
SQL: SHOW COLUMNS FROM `admin` [ RunTime:0.0103s ]
SQL: SELECT * FROM `admin` WHERE `admin_name` = '2013118120' AND `admin_password` = '30c8586794579fc0ea93c5b8561460b2' LIMIT 1   [ RunTime:0.0003s ]

[ 2016-05-24T17:19:49+08:00 ] ::1 /hstcesys/admin/login/check.html
INFO: [ app_begin ] --START--
INFO: Run Behavior\ReadHtmlCacheBehavior [ RunTime:0.000477s ]
INFO: [ app_begin ] --END-- [ RunTime:0.000968s ]
SQL: SHOW COLUMNS FROM `admin` [ RunTime:0.0045s ]
SQL: SELECT * FROM `admin` WHERE `admin_name` = 'admin' AND `admin_password` = '30c8586794579fc0ea93c5b8561460b2' LIMIT 1   [ RunTime:0.0003s ]

[ 2016-05-24T17:20:14+08:00 ] ::1 /hstcesys/admin/admin/upload.html
INFO: [ app_begin ] --START--
INFO: Run Behavior\ReadHtmlCacheBehavior [ RunTime:0.000636s ]
INFO: [ app_begin ] --END-- [ RunTime:0.001386s ]

[ 2016-05-24T17:20:14+08:00 ] ::1 /hstcesys/Admin/Login/index.html
INFO: [ app_begin ] --START--
INFO: Run Behavior\ReadHtmlCacheBehavior [ RunTime:0.000496s ]
INFO: [ app_begin ] --END-- [ RunTime:0.001002s ]
INFO: [ view_parse ] --START--
INFO: [ template_filter ] --START--
INFO: Run Behavior\ContentReplaceBehavior [ RunTime:0.000110s ]
INFO: [ template_filter ] --END-- [ RunTime:0.000231s ]
INFO: Run Behavior\ParseTemplateBehavior [ RunTime:0.007730s ]
INFO: [ view_parse ] --END-- [ RunTime:0.007843s ]
INFO: [ view_filter ] --START--
INFO: Run Behavior\WriteHtmlCacheBehavior [ RunTime:0.000305s ]
INFO: [ view_filter ] --END-- [ RunTime:0.000404s ]
INFO: [ app_end ] --START--
INFO: Run Behavior\ShowPageTraceBehavior [ RunTime:0.000513s ]
INFO: [ app_end ] --END-- [ RunTime:0.000617s ]

[ 2016-05-24T17:20:32+08:00 ] ::1 /hstcesys/admin/login/check.html
INFO: [ app_begin ] --START--
INFO: Run Behavior\ReadHtmlCacheBehavior [ RunTime:0.001003s ]
INFO: [ app_begin ] --END-- [ RunTime:0.001484s ]
SQL: SHOW COLUMNS FROM `admin` [ RunTime:0.0098s ]
SQL: SELECT * FROM `admin` WHERE `admin_name` = 'admin' AND `admin_password` = '30c8586794579fc0ea93c5b8561460b2' LIMIT 1   [ RunTime:0.0003s ]

[ 2016-05-24T17:20:40+08:00 ] ::1 /hstcesys/admin/admin/upload.html
INFO: [ app_begin ] --START--
INFO: Run Behavior\ReadHtmlCacheBehavior [ RunTime:0.000966s ]
INFO: [ app_begin ] --END-- [ RunTime:0.001454s ]
NOTIC: [2] call_user_func() expects parameter 1 to be a valid callback, no array or string given F:\PHP\Workspace\hstcesys\ThinkPHP\Library\Think\Upload.class.php 第 204 行.

[ 2016-05-24T18:07:58+08:00 ] ::1 /hstcesys/admin/login/check.html
INFO: [ app_begin ] --START--
INFO: Run Behavior\ReadHtmlCacheBehavior [ RunTime:0.000485s ]
INFO: [ app_begin ] --END-- [ RunTime:0.000973s ]
SQL: SHOW COLUMNS FROM `admin` [ RunTime:0.0046s ]
SQL: SELECT * FROM `admin` WHERE `admin_name` = '2013118120' AND `admin_password` = '30c8586794579fc0ea93c5b8561460b2' LIMIT 1   [ RunTime:0.0003s ]

[ 2016-05-24T18:08:02+08:00 ] ::1 /hstcesys/admin/login/check.html
INFO: [ app_begin ] --START--
INFO: Run Behavior\ReadHtmlCacheBehavior [ RunTime:0.000477s ]
INFO: [ app_begin ] --END-- [ RunTime:0.000973s ]
SQL: SHOW COLUMNS FROM `admin` [ RunTime:0.0045s ]
SQL: SELECT * FROM `admin` WHERE `admin_name` = 'admin' AND `admin_password` = '30c8586794579fc0ea93c5b8561460b2' LIMIT 1   [ RunTime:0.0003s ]

[ 2016-05-24T18:09:20+08:00 ] ::1 /hstcesys/admin/login/check.html
INFO: [ app_begin ] --START--
INFO: Run Behavior\ReadHtmlCacheBehavior [ RunTime:0.000922s ]
INFO: [ app_begin ] --END-- [ RunTime:0.001888s ]
SQL: SHOW COLUMNS FROM `admin` [ RunTime:0.0041s ]
SQL: SELECT * FROM `admin` WHERE `admin_name` = 'admin' AND `admin_password` = '30c8586794579fc0ea93c5b8561460b2' LIMIT 1   [ RunTime:0.0003s ]

[ 2016-05-24T18:31:08+08:00 ] ::1 /hstcesys/admin/questions/upload.html
INFO: [ app_begin ] --START--
INFO: Run Behavior\ReadHtmlCacheBehavior [ RunTime:0.000783s ]
INFO: [ app_begin ] --END-- [ RunTime:0.001675s ]
NOTIC: [2] call_user_func() expects parameter 1 to be a valid callback, no array or string given F:\PHP\Workspace\hstcesys\ThinkPHP\Library\Think\Upload.class.php 第 204 行.
SQL: SHOW COLUMNS FROM `questions` [ RunTime:0.0043s ]
SQL: INSERT INTO `questions` (`question`,`answer1`,`answer2`,`answer3`,`answer4`,`rightAnswer`,`exam_id`) VALUES ('第二次测试','a','b','c','d','d','38'),('第二次测试','a','b','c','d','d','38'),('第二次测试','a','b','c','d','d','38'),('第二次测试','a','b','c','d','d','38'),('第二次测试','a','b','c','d','d','38'),('第二次测试','a','b','c','d','d','38'),('第二次测试','a','b','c','d','d','38'),('第二次测试','a','b','c','d','d','38') [ RunTime:0.0613s ]

[ 2016-05-24T18:59:49+08:00 ] ::1 /hstcesys/admin/scores/getScores/exam_id/38
ERR: 1054:Unknown column 'loan' in 'field list'
 [ SQL语句 ] : SELECT `user_name`,`college_id`,`family_difficulties`,`support`,`loan` FROM `users` WHERE ( 1=1 AND student_id='2013118120' ) LIMIT 1  

[ 2016-05-24T19:01:47+08:00 ] ::1 /hstcesys/admin/scores/getScores/exam_id/38
ERR: 1054:Unknown column 'loan' in 'field list'
 [ SQL语句 ] : SELECT `user_name`,`college_id`,`family_difficulties`,`support`,`loan` FROM `users` WHERE ( 1=1 AND student_id='2013118120' ) LIMIT 1  

[ 2016-05-24T19:01:48+08:00 ] ::1 /hstcesys/admin/scores/getScores/exam_id/38
ERR: 1054:Unknown column 'loan' in 'field list'
 [ SQL语句 ] : SELECT `user_name`,`college_id`,`family_difficulties`,`support`,`loan` FROM `users` WHERE ( 1=1 AND student_id='2013118120' ) LIMIT 1  

[ 2016-05-24T19:01:48+08:00 ] ::1 /hstcesys/admin/scores/getScores/exam_id/38
ERR: 1054:Unknown column 'loan' in 'field list'
 [ SQL语句 ] : SELECT `user_name`,`college_id`,`family_difficulties`,`support`,`loan` FROM `users` WHERE ( 1=1 AND student_id='2013118120' ) LIMIT 1  

[ 2016-05-24T19:30:20+08:00 ] ::1 /hstcesys/admin/scores/export.html
ERR: 1054:Unknown column 'user_name' in 'field list'
 [ SQL语句 ] : SELECT `student_id`,`user_name`,`score`,`use_time`,`exam_time`,`college_name`,`family_difficulties`,`support`,`loan` FROM `scores` WHERE `exam_id` = 38 ORDER BY score desc,use_time LIMIT 0,10  

