[ 2016-05-03T11:53:56+08:00 ] ::1 /hstcesys/admin/login/check.html
INFO: [ app_begin ] --START--
INFO: Run Behavior\ReadHtmlCacheBehavior [ RunTime:0.000741s ]
INFO: [ app_begin ] --END-- [ RunTime:0.001374s ]
SQL: SHOW COLUMNS FROM `admin` [ RunTime:0.0263s ]
SQL: SELECT * FROM `admin` WHERE `admin_name` = 'admin' AND `admin_password` = '30c8586794579fc0ea93c5b8561460b2' LIMIT 1   [ RunTime:0.0005s ]

[ 2016-05-03T12:06:32+08:00 ] ::1 /hstcesys/admin/questions/del.html
INFO: [ app_begin ] --START--
INFO: Run Behavior\ReadHtmlCacheBehavior [ RunTime:0.001081s ]
INFO: [ app_begin ] --END-- [ RunTime:0.001602s ]
SQL: SHOW COLUMNS FROM `questions` [ RunTime:0.0045s ]
SQL: DELETE FROM `questions` WHERE `id` = 2 [ RunTime:0.0557s ]

[ 2016-05-03T12:06:35+08:00 ] ::1 /hstcesys/admin/questions/del.html
INFO: [ app_begin ] --START--
INFO: Run Behavior\ReadHtmlCacheBehavior [ RunTime:0.003381s ]
INFO: [ app_begin ] --END-- [ RunTime:0.004771s ]
SQL: SHOW COLUMNS FROM `questions` [ RunTime:0.0048s ]
SQL: DELETE FROM `questions` WHERE `id` = 3 [ RunTime:0.0423s ]

[ 2016-05-03T12:06:40+08:00 ] ::1 /hstcesys/admin/questions/del.html
INFO: [ app_begin ] --START--
INFO: Run Behavior\ReadHtmlCacheBehavior [ RunTime:0.001117s ]
INFO: [ app_begin ] --END-- [ RunTime:0.001860s ]
SQL: SHOW COLUMNS FROM `questions` [ RunTime:0.0144s ]
SQL: DELETE FROM `questions` WHERE `id` = 8 [ RunTime:0.0534s ]

[ 2016-05-03T12:06:44+08:00 ] ::1 /hstcesys/admin/questions/del.html
INFO: [ app_begin ] --START--
INFO: Run Behavior\ReadHtmlCacheBehavior [ RunTime:0.001294s ]
INFO: [ app_begin ] --END-- [ RunTime:0.002050s ]
SQL: SHOW COLUMNS FROM `questions` [ RunTime:0.0052s ]
SQL: DELETE FROM `questions` WHERE `id` = 14 [ RunTime:0.0738s ]

[ 2016-05-03T12:06:48+08:00 ] ::1 /hstcesys/admin/questions/del.html
INFO: [ app_begin ] --START--
INFO: Run Behavior\ReadHtmlCacheBehavior [ RunTime:0.003656s ]
INFO: [ app_begin ] --END-- [ RunTime:0.004513s ]
SQL: SHOW COLUMNS FROM `questions` [ RunTime:0.0122s ]
SQL: DELETE FROM `questions` WHERE `id` = 10 [ RunTime:0.0663s ]

[ 2016-05-03T12:06:59+08:00 ] ::1 /hstcesys/admin/questions/del.html
INFO: [ app_begin ] --START--
INFO: Run Behavior\ReadHtmlCacheBehavior [ RunTime:0.001068s ]
INFO: [ app_begin ] --END-- [ RunTime:0.001759s ]
SQL: SHOW COLUMNS FROM `questions` [ RunTime:0.0046s ]
SQL: DELETE FROM `questions` WHERE `id` = 9 [ RunTime:0.0610s ]

[ 2016-05-03T12:07:03+08:00 ] ::1 /hstcesys/admin/questions/del.html
INFO: [ app_begin ] --START--
INFO: Run Behavior\ReadHtmlCacheBehavior [ RunTime:0.001173s ]
INFO: [ app_begin ] --END-- [ RunTime:0.003200s ]
SQL: SHOW COLUMNS FROM `questions` [ RunTime:0.0046s ]
SQL: DELETE FROM `questions` WHERE `id` = 6 [ RunTime:0.0864s ]

[ 2016-05-03T15:40:21+08:00 ] ::1 /hstcesys/admin/exams/changeExamStatus.html
INFO: [ app_begin ] --START--
INFO: Run Behavior\ReadHtmlCacheBehavior [ RunTime:0.001526s ]
INFO: [ app_begin ] --END-- [ RunTime:0.002048s ]
SQL: SHOW COLUMNS FROM `exams` [ RunTime:0.0118s ]
SQL: SELECT `status` FROM `exams` WHERE ( 2 ) LIMIT 1   [ RunTime:0.0003s ]
SQL: UPDATE `exams` SET `status`='1' WHERE ( 2 ) [ RunTime:0.0397s ]

[ 2016-05-03T15:40:24+08:00 ] ::1 /hstcesys/admin/exams/changeExamStatus.html
INFO: [ app_begin ] --START--
INFO: Run Behavior\ReadHtmlCacheBehavior [ RunTime:0.001349s ]
INFO: [ app_begin ] --END-- [ RunTime:0.001850s ]
SQL: SHOW COLUMNS FROM `exams` [ RunTime:0.0067s ]
SQL: SELECT `status` FROM `exams` WHERE ( 2 ) LIMIT 1   [ RunTime:0.0003s ]
SQL: UPDATE `exams` SET `status`='0' WHERE ( 2 ) [ RunTime:0.0577s ]

[ 2016-05-03T15:40:26+08:00 ] ::1 /hstcesys/admin/exams/changeExamStatus.html
INFO: [ app_begin ] --START--
INFO: Run Behavior\ReadHtmlCacheBehavior [ RunTime:0.001083s ]
INFO: [ app_begin ] --END-- [ RunTime:0.001638s ]
SQL: SHOW COLUMNS FROM `exams` [ RunTime:0.0044s ]
SQL: SELECT `status` FROM `exams` WHERE ( 2 ) LIMIT 1   [ RunTime:0.0002s ]
SQL: UPDATE `exams` SET `status`='1' WHERE ( 2 ) [ RunTime:0.0602s ]

[ 2016-05-03T15:40:28+08:00 ] ::1 /hstcesys/admin/exams/changeExamStatus.html
INFO: [ app_begin ] --START--
INFO: Run Behavior\ReadHtmlCacheBehavior [ RunTime:0.001062s ]
INFO: [ app_begin ] --END-- [ RunTime:0.001577s ]
SQL: SHOW COLUMNS FROM `exams` [ RunTime:0.0044s ]
SQL: SELECT `status` FROM `exams` WHERE ( 2 ) LIMIT 1   [ RunTime:0.0002s ]
SQL: UPDATE `exams` SET `status`='0' WHERE ( 2 ) [ RunTime:0.0512s ]

[ 2016-05-03T15:40:30+08:00 ] ::1 /hstcesys/admin/exams/changeExamStatus.html
INFO: [ app_begin ] --START--
INFO: Run Behavior\ReadHtmlCacheBehavior [ RunTime:0.001053s ]
INFO: [ app_begin ] --END-- [ RunTime:0.001560s ]
SQL: SHOW COLUMNS FROM `exams` [ RunTime:0.0047s ]
SQL: SELECT `status` FROM `exams` WHERE ( 1 ) LIMIT 1   [ RunTime:0.0003s ]
SQL: UPDATE `exams` SET `status`='1' WHERE ( 1 ) [ RunTime:0.0559s ]

[ 2016-05-03T15:45:59+08:00 ] ::1 /hstcesys/admin/exams/changeExamStatus.html
INFO: [ app_begin ] --START--
INFO: Run Behavior\ReadHtmlCacheBehavior [ RunTime:0.000559s ]
INFO: [ app_begin ] --END-- [ RunTime:0.001229s ]
SQL: SHOW COLUMNS FROM `exams` [ RunTime:0.0047s ]
SQL: SELECT `status` FROM `exams` WHERE ( 1 ) LIMIT 1   [ RunTime:0.0003s ]
SQL: UPDATE `exams` SET `status`='0' WHERE ( 1 ) [ RunTime:0.0675s ]

[ 2016-05-03T16:00:07+08:00 ] ::1 /hstcesys/admin/exams/save.html
ERR: 模板不存在:./Application/Admin/View/Exams/questions_import.html

[ 2016-05-03T16:01:13+08:00 ] ::1 /hstcesys/admin/exams/save.html
ERR: 模板不存在:./Application/Admin/View/Exams/questions_import.html

[ 2016-05-03T16:25:04+08:00 ] ::1 /hstcesys/admin/questions/upload.html
INFO: [ app_begin ] --START--
INFO: Run Behavior\ReadHtmlCacheBehavior [ RunTime:0.002367s ]
INFO: [ app_begin ] --END-- [ RunTime:0.004332s ]
NOTIC: [2] call_user_func() expects parameter 1 to be a valid callback, no array or string given F:\PHP\Workspace\hstcesys\ThinkPHP\Library\Think\Upload.class.php 第 204 行.
SQL: SHOW COLUMNS FROM `questions` [ RunTime:0.0058s ]
SQL: INSERT INTO `questions` (`question`,`answer1`,`answer2`,`answer3`,`answer4`,`rightAnswer`) VALUES ('上传测试','上传','3','4','5','d') [ RunTime:0.0374s ]

[ 2016-05-03T16:29:18+08:00 ] ::1 /hstcesys/admin/questions/upload.html
INFO: [ app_begin ] --START--
INFO: Run Behavior\ReadHtmlCacheBehavior [ RunTime:0.001759s ]
INFO: [ app_begin ] --END-- [ RunTime:0.002591s ]
NOTIC: [2] call_user_func() expects parameter 1 to be a valid callback, no array or string given F:\PHP\Workspace\hstcesys\ThinkPHP\Library\Think\Upload.class.php 第 204 行.
SQL: SHOW COLUMNS FROM `questions` [ RunTime:0.0063s ]
SQL: INSERT INTO `questions` (`question`,`answer1`,`answer2`,`answer3`,`answer4`,`rightAnswer`) VALUES ('上传测试','上传','3','4','5','d') [ RunTime:0.0521s ]

[ 2016-05-03T16:33:59+08:00 ] ::1 /hstcesys/admin/exams/del.html
INFO: [ app_begin ] --START--
INFO: Run Behavior\ReadHtmlCacheBehavior [ RunTime:0.002122s ]
INFO: [ app_begin ] --END-- [ RunTime:0.003926s ]
SQL: SHOW COLUMNS FROM `exams` [ RunTime:0.0117s ]
SQL: DELETE FROM `exams` WHERE `exam_id` = 10 [ RunTime:0.3675s ]
SQL: SHOW COLUMNS FROM `scores` [ RunTime:0.0059s ]
SQL: DELETE FROM `scores` WHERE `exam_id` = 10 [ RunTime:0.0003s ]

[ 2016-05-03T16:34:59+08:00 ] ::1 /hstcesys/admin/questions/upload.html
INFO: [ app_begin ] --START--
INFO: Run Behavior\ReadHtmlCacheBehavior [ RunTime:0.002602s ]
INFO: [ app_begin ] --END-- [ RunTime:0.003473s ]
NOTIC: [2] call_user_func() expects parameter 1 to be a valid callback, no array or string given F:\PHP\Workspace\hstcesys\ThinkPHP\Library\Think\Upload.class.php 第 204 行.
SQL: SHOW COLUMNS FROM `questions` [ RunTime:0.0046s ]
SQL: INSERT INTO `questions` (`question`,`answer1`,`answer2`,`answer3`,`answer4`,`rightAnswer`) VALUES ('上传测试','上传','3','4','5','d') [ RunTime:0.0383s ]

[ 2016-05-03T16:40:53+08:00 ] ::1 /hstcesys/admin/questions/upload.html
INFO: [ app_begin ] --START--
INFO: Run Behavior\ReadHtmlCacheBehavior [ RunTime:0.001634s ]
INFO: [ app_begin ] --END-- [ RunTime:0.002588s ]
NOTIC: [2] call_user_func() expects parameter 1 to be a valid callback, no array or string given F:\PHP\Workspace\hstcesys\ThinkPHP\Library\Think\Upload.class.php 第 204 行.
INFO: [ app_end ] --START--
INFO: Run Behavior\ShowPageTraceBehavior [ RunTime:0.001049s ]
INFO: [ app_end ] --END-- [ RunTime:0.001179s ]

[ 2016-05-03T16:41:41+08:00 ] ::1 /hstcesys/admin/questions/upload.html
INFO: [ app_begin ] --START--
INFO: Run Behavior\ReadHtmlCacheBehavior [ RunTime:0.003815s ]
INFO: [ app_begin ] --END-- [ RunTime:0.004717s ]
NOTIC: [2] call_user_func() expects parameter 1 to be a valid callback, no array or string given F:\PHP\Workspace\hstcesys\ThinkPHP\Library\Think\Upload.class.php 第 204 行.
INFO: [ app_end ] --START--
INFO: Run Behavior\ShowPageTraceBehavior [ RunTime:0.001611s ]
INFO: [ app_end ] --END-- [ RunTime:0.001819s ]

[ 2016-05-03T16:42:43+08:00 ] ::1 /hstcesys/admin/questions/upload.html
INFO: [ app_begin ] --START--
INFO: Run Behavior\ReadHtmlCacheBehavior [ RunTime:0.001059s ]
INFO: [ app_begin ] --END-- [ RunTime:0.001637s ]
NOTIC: [2] call_user_func() expects parameter 1 to be a valid callback, no array or string given F:\PHP\Workspace\hstcesys\ThinkPHP\Library\Think\Upload.class.php 第 204 行.
INFO: [ app_end ] --START--
INFO: Run Behavior\ShowPageTraceBehavior [ RunTime:0.001045s ]
INFO: [ app_end ] --END-- [ RunTime:0.001178s ]

[ 2016-05-03T16:43:05+08:00 ] ::1 /hstcesys/admin/questions/upload.html
INFO: [ app_begin ] --START--
INFO: Run Behavior\ReadHtmlCacheBehavior [ RunTime:0.002173s ]
INFO: [ app_begin ] --END-- [ RunTime:0.002775s ]
NOTIC: [2] call_user_func() expects parameter 1 to be a valid callback, no array or string given F:\PHP\Workspace\hstcesys\ThinkPHP\Library\Think\Upload.class.php 第 204 行.
SQL: SHOW COLUMNS FROM `questions` [ RunTime:0.0046s ]
SQL: INSERT INTO `questions` (`question`,`answer1`,`answer2`,`answer3`,`answer4`,`rightAnswer`) VALUES ('上传测试','上传','3','4','5','d') [ RunTime:0.0653s ]

[ 2016-05-03T16:46:34+08:00 ] ::1 /hstcesys/admin/questions/upload.html
INFO: [ app_begin ] --START--
INFO: Run Behavior\ReadHtmlCacheBehavior [ RunTime:0.002488s ]
INFO: [ app_begin ] --END-- [ RunTime:0.003419s ]
NOTIC: [2] call_user_func() expects parameter 1 to be a valid callback, no array or string given F:\PHP\Workspace\hstcesys\ThinkPHP\Library\Think\Upload.class.php 第 204 行.
SQL: SHOW COLUMNS FROM `questions` [ RunTime:0.0048s ]
SQL: INSERT INTO `questions` (`question`,`answer1`,`answer2`,`answer3`,`answer4`,`rightAnswer`,`exam_id`) VALUES ('上传测试','上传','3','4','5','d','3') [ RunTime:0.0599s ]

[ 2016-05-03T18:47:27+08:00 ] ::1 /hstcesys/admin/questions/upload.html
INFO: [ app_begin ] --START--
INFO: Run Behavior\ReadHtmlCacheBehavior [ RunTime:0.001561s ]
INFO: [ app_begin ] --END-- [ RunTime:0.002352s ]
NOTIC: [2] call_user_func() expects parameter 1 to be a valid callback, no array or string given F:\PHP\Workspace\hstcesys\ThinkPHP\Library\Think\Upload.class.php 第 204 行.
SQL: SHOW COLUMNS FROM `questions` [ RunTime:0.0051s ]
SQL: INSERT INTO `questions` (`question`,`answer1`,`answer2`,`answer3`,`answer4`,`rightAnswer`,`exam_id`) VALUES ('第一次测试a','a','b','c','d','d','5') [ RunTime:0.0536s ]

[ 2016-05-03T18:57:53+08:00 ] ::1 /hstcesys/admin/questions/upload.html
INFO: [ app_begin ] --START--
INFO: Run Behavior\ReadHtmlCacheBehavior [ RunTime:0.002029s ]
INFO: [ app_begin ] --END-- [ RunTime:0.003019s ]
NOTIC: [2] call_user_func() expects parameter 1 to be a valid callback, no array or string given F:\PHP\Workspace\hstcesys\ThinkPHP\Library\Think\Upload.class.php 第 204 行.
SQL: SHOW COLUMNS FROM `questions` [ RunTime:0.0047s ]
SQL: INSERT INTO `questions` (`question`,`answer1`,`answer2`,`answer3`,`answer4`,`rightAnswer`,`exam_id`) VALUES ('第一次测试a','a','b','c','d','d','13') [ RunTime:0.0575s ]

