[ 2016-04-17T00:53:12+08:00 ] ::1 /hstcesys/admin/login/check.html
INFO: [ app_begin ] --START--
INFO: Run Behavior\ReadHtmlCacheBehavior [ RunTime:0.000724s ]
INFO: [ app_begin ] --END-- [ RunTime:0.001398s ]
SQL: SHOW COLUMNS FROM `admin` [ RunTime:0.0106s ]
SQL: SELECT * FROM `admin` WHERE `admin_name` = 'admin' AND `admin_password` = 'e10adc3949ba59abbe56e057f20f883e' LIMIT 1   [ RunTime:0.0004s ]
SQL: UPDATE `admin` SET `last_login_ip`='0.0.0.0' WHERE `id` = 1 [ RunTime:0.0804s ]

[ 2016-04-17T01:00:06+08:00 ] ::1 /hstcesys/admin/login/check.html
INFO: [ app_begin ] --START--
INFO: Run Behavior\ReadHtmlCacheBehavior [ RunTime:0.000754s ]
INFO: [ app_begin ] --END-- [ RunTime:0.001412s ]
SQL: SHOW COLUMNS FROM `admin` [ RunTime:0.0057s ]
SQL: SELECT * FROM `admin` WHERE `admin_name` = 'admin' AND `admin_password` = 'e10adc3949ba59abbe56e057f20f883e' LIMIT 1   [ RunTime:0.0004s ]
SQL: UPDATE `admin` SET `last_login_ip`='0.0.0.0' WHERE `id` = 1 [ RunTime:0.0649s ]

[ 2016-04-17T10:58:53+08:00 ] ::1 /hstcesys/admin/login/check.html
INFO: [ app_begin ] --START--
INFO: Run Behavior\ReadHtmlCacheBehavior [ RunTime:0.000734s ]
INFO: [ app_begin ] --END-- [ RunTime:0.001226s ]
SQL: SHOW COLUMNS FROM `admin` [ RunTime:0.0638s ]
SQL: SELECT * FROM `admin` WHERE `admin_name` = 'admin' AND `admin_password` = 'e10adc3949ba59abbe56e057f20f883e' LIMIT 1   [ RunTime:0.0428s ]
SQL: UPDATE `admin` SET `last_login_ip`='0.0.0.0' WHERE `id` = 1 [ RunTime:0.0747s ]

[ 2016-04-17T12:32:57+08:00 ] ::1 /hstcesys/admin/login/check.html
INFO: [ app_begin ] --START--
INFO: Run Behavior\ReadHtmlCacheBehavior [ RunTime:0.000547s ]
INFO: [ app_begin ] --END-- [ RunTime:0.001264s ]
SQL: SHOW COLUMNS FROM `admin` [ RunTime:0.0048s ]
SQL: SELECT * FROM `admin` WHERE `admin_name` = 'admin' AND `admin_password` = 'e10adc3949ba59abbe56e057f20f883e' LIMIT 1   [ RunTime:0.0005s ]
SQL: UPDATE `admin` SET `last_login_ip`='0.0.0.0' WHERE `id` = 1 [ RunTime:0.0627s ]

[ 2016-04-17T12:38:40+08:00 ] ::1 /hstcesys/admin/login/check.html
INFO: [ app_begin ] --START--
INFO: Run Behavior\ReadHtmlCacheBehavior [ RunTime:0.000483s ]
INFO: [ app_begin ] --END-- [ RunTime:0.000955s ]
SQL: SHOW COLUMNS FROM `admin` [ RunTime:0.0052s ]
SQL: SELECT * FROM `admin` WHERE `admin_name` = 'admin' AND `admin_password` = 'e10adc3949ba59abbe56e057f20f883e' LIMIT 1   [ RunTime:0.0004s ]
SQL: UPDATE `admin` SET `last_login_ip`='0.0.0.0' WHERE `id` = 1 [ RunTime:0.0655s ]

[ 2016-04-17T16:25:40+08:00 ] ::1 /hstcesys/admin/login/check.html
INFO: [ app_begin ] --START--
INFO: Run Behavior\ReadHtmlCacheBehavior [ RunTime:0.001609s ]
INFO: [ app_begin ] --END-- [ RunTime:0.002467s ]
SQL: SHOW COLUMNS FROM `admin` [ RunTime:0.0187s ]
SQL: SELECT * FROM `admin` WHERE `admin_name` = 'admin' AND `admin_password` = 'e10adc3949ba59abbe56e057f20f883e' LIMIT 1   [ RunTime:0.0003s ]
SQL: UPDATE `admin` SET `last_login_ip`='0.0.0.0' WHERE `id` = 1 [ RunTime:0.0588s ]

[ 2016-04-17T16:54:19+08:00 ] ::1 /hstcesys/admin/login/check.html
INFO: [ app_begin ] --START--
INFO: Run Behavior\ReadHtmlCacheBehavior [ RunTime:0.001143s ]
INFO: [ app_begin ] --END-- [ RunTime:0.001691s ]
SQL: SHOW COLUMNS FROM `admin` [ RunTime:0.0184s ]
SQL: SELECT * FROM `admin` WHERE `admin_name` = 'admin' AND `admin_password` = 'e10adc3949ba59abbe56e057f20f883e' LIMIT 1   [ RunTime:0.0004s ]
SQL: UPDATE `admin` SET `last_login_ip`='0.0.0.0' WHERE `id` = 1 [ RunTime:0.3557s ]

[ 2016-04-17T18:14:20+08:00 ] ::1 /hstcesys/Admin/exams/index.html
ERR: 模板不存在:./Application/Admin/View/Exams/index.html

[ 2016-04-17T19:01:05+08:00 ] ::1 /hstcesys/admin/exams/addexam
ERR: XML标签语法错误

[ 2016-04-17T19:02:13+08:00 ] ::1 /hstcesys/admin/exams/addexam
ERR: XML标签语法错误

[ 2016-04-17T19:03:15+08:00 ] ::1 /hstcesys/admin/exams/addexam
ERR: XML标签语法错误

[ 2016-04-17T20:51:13+08:00 ] ::1 /hstcesys/Admin/exams/index.html
ERR: 模板不存在:./Application/Admin/View/Exams/index.html

